{"/home/driven/Desktop/Driven__t10/src/app.ts": {"path":"/home/driven/Desktop/Driven__t10/src/app.ts","statementMap":{"0":{"start":{"line":1,"column":0},"end":{"line":1,"column":26}},"1":{"start":{"line":2,"column":0},"end":{"line":2,"column":30}},"2":{"start":{"line":3,"column":0},"end":{"line":3,"column":43}},"3":{"start":{"line":4,"column":0},"end":{"line":4,"column":24}},"4":{"start":{"line":6,"column":0},"end":{"line":6,"column":60}},"5":{"start":{"line":8,"column":0},"end":{"line":8,"column":10}},"6":{"start":{"line":10,"column":0},"end":{"line":10,"column":56}},"7":{"start":{"line":11,"column":0},"end":{"line":11,"column":154}},"8":{"start":{"line":15,"column":12},"end":{"line":15,"column":21}},"9":{"start":{"line":16,"column":0},"end":{"line":28,"column":32}},"10":{"start":{"line":19,"column":33},"end":{"line":19,"column":48}},"11":{"start":{"line":31,"column":2},"end":{"line":31,"column":14}},"12":{"start":{"line":32,"column":2},"end":{"line":32,"column":30}},"13":{"start":{"line":30,"column":0},"end":{"line":30,"column":16}},"14":{"start":{"line":36,"column":2},"end":{"line":36,"column":23}},"15":{"start":{"line":35,"column":0},"end":{"line":35,"column":7}},"16":{"start":{"line":39,"column":0},"end":{"line":39,"column":19}}},"fnMap":{"0":{"name":"(anonymous_1)","decl":{"start":{"line":19,"column":18},"end":{"line":19,"column":19}},"loc":{"start":{"line":19,"column":33},"end":{"line":19,"column":48}}},"1":{"name":"init","decl":{"start":{"line":30,"column":16},"end":{"line":30,"column":20}},"loc":{"start":{"line":30,"column":20},"end":{"line":33,"column":1}}},"2":{"name":"close","decl":{"start":{"line":35,"column":22},"end":{"line":35,"column":27}},"loc":{"start":{"line":35,"column":27},"end":{"line":37,"column":1}}}},"branchMap":{},"s":{"0":11,"1":11,"2":11,"3":11,"4":11,"5":11,"6":11,"7":11,"8":11,"9":11,"10":1,"11":11,"12":11,"13":11,"14":0,"15":11,"16":11},"f":{"0":1,"1":11,"2":0},"b":{}}
,"/home/driven/Desktop/Driven__t10/src/server.ts": {"path":"/home/driven/Desktop/Driven__t10/src/server.ts","statementMap":{"0":{"start":{"line":1,"column":0},"end":{"line":1,"column":34}},"1":{"start":{"line":3,"column":13},"end":{"line":3,"column":38}},"2":{"start":{"line":5,"column":0},"end":{"line":10,"column":3}},"3":{"start":{"line":6,"column":2},"end":{"line":9,"column":5}},"4":{"start":{"line":8,"column":4},"end":{"line":8,"column":56}}},"fnMap":{"0":{"name":"(anonymous_6)","decl":{"start":{"line":5,"column":12},"end":{"line":5,"column":15}},"loc":{"start":{"line":5,"column":17},"end":{"line":10,"column":1}}},"1":{"name":"(anonymous_7)","decl":{"start":{"line":6,"column":19},"end":{"line":6,"column":22}},"loc":{"start":{"line":6,"column":24},"end":{"line":9,"column":3}}}},"branchMap":{"0":{"loc":{"start":{"line":3,"column":13},"end":{"line":3,"column":38}},"type":"binary-expr","locations":[{"start":{"line":3,"column":13},"end":{"line":3,"column":30}},{"start":{"line":3,"column":34},"end":{"line":3,"column":38}}]}},"s":{"0":0,"1":0,"2":0,"3":0,"4":0},"f":{"0":0,"1":0},"b":{"0":[0,0]}}
,"/home/driven/Desktop/Driven__t10/src/config/database.ts": {"path":"/home/driven/Desktop/Driven__t10/src/config/database.ts","statementMap":{"0":{"start":{"line":1,"column":0},"end":{"line":1,"column":46}},"1":{"start":{"line":5,"column":2},"end":{"line":5,"column":30}},"2":{"start":{"line":4,"column":0},"end":{"line":4,"column":16}},"3":{"start":{"line":9,"column":2},"end":{"line":9,"column":30}},"4":{"start":{"line":8,"column":0},"end":{"line":8,"column":7}}},"fnMap":{"0":{"name":"connectDb","decl":{"start":{"line":4,"column":16},"end":{"line":4,"column":25}},"loc":{"start":{"line":4,"column":25},"end":{"line":6,"column":1}}},"1":{"name":"disconnectDB","decl":{"start":{"line":8,"column":22},"end":{"line":8,"column":34}},"loc":{"start":{"line":8,"column":34},"end":{"line":10,"column":1}}}},"branchMap":{},"s":{"0":14,"1":11,"2":14,"3":0,"4":14},"f":{"0":11,"1":0},"b":{}}
,"/home/driven/Desktop/Driven__t10/src/config/envs.ts": {"path":"/home/driven/Desktop/Driven__t10/src/config/envs.ts","statementMap":{"0":{"start":{"line":1,"column":0},"end":{"line":1,"column":28}},"1":{"start":{"line":2,"column":0},"end":{"line":2,"column":41}},"2":{"start":{"line":6,"column":4},"end":{"line":10,"column":14}},"3":{"start":{"line":12,"column":22},"end":{"line":12,"column":45}},"4":{"start":{"line":13,"column":2},"end":{"line":13,"column":35}},"5":{"start":{"line":4,"column":0},"end":{"line":4,"column":16}}},"fnMap":{"0":{"name":"loadEnv","decl":{"start":{"line":4,"column":16},"end":{"line":4,"column":23}},"loc":{"start":{"line":4,"column":23},"end":{"line":14,"column":1}}}},"branchMap":{"0":{"loc":{"start":{"line":6,"column":4},"end":{"line":10,"column":14}},"type":"cond-expr","locations":[{"start":{"line":7,"column":8},"end":{"line":7,"column":19}},{"start":{"line":8,"column":8},"end":{"line":10,"column":14}}]},"1":{"loc":{"start":{"line":8,"column":8},"end":{"line":10,"column":14}},"type":"cond-expr","locations":[{"start":{"line":9,"column":8},"end":{"line":9,"column":26}},{"start":{"line":10,"column":8},"end":{"line":10,"column":14}}]}},"s":{"0":14,"1":14,"2":25,"3":25,"4":25,"5":14},"f":{"0":25},"b":{"0":[25,0],"1":[0,0]}}
,"/home/driven/Desktop/Driven__t10/src/config/index.ts": {"path":"/home/driven/Desktop/Driven__t10/src/config/index.ts","statementMap":{"0":{"start":{"line":1,"column":0},"end":{"line":1,"column":23}},"1":{"start":{"line":2,"column":0},"end":{"line":2,"column":27}}},"fnMap":{},"branchMap":{},"s":{"0":14,"1":14},"f":{},"b":{}}
,"/home/driven/Desktop/Driven__t10/src/controllers/authentication-controller.ts": {"path":"/home/driven/Desktop/Driven__t10/src/controllers/authentication-controller.ts","statementMap":{"0":{"start":{"line":2,"column":0},"end":{"line":2,"column":37}},"1":{"start":{"line":3,"column":0},"end":{"line":3,"column":88}},"2":{"start":{"line":6,"column":30},"end":{"line":6,"column":54}},"3":{"start":{"line":8,"column":2},"end":{"line":14,"column":null}},"4":{"start":{"line":9,"column":19},"end":{"line":9,"column":74}},"5":{"start":{"line":11,"column":4},"end":{"line":11,"column":50}},"6":{"start":{"line":13,"column":4},"end":{"line":13,"column":56}},"7":{"start":{"line":5,"column":0},"end":{"line":5,"column":7}}},"fnMap":{"0":{"name":"singInPost","decl":{"start":{"line":5,"column":22},"end":{"line":5,"column":32}},"loc":{"start":{"line":5,"column":60},"end":{"line":15,"column":1}}}},"branchMap":{},"s":{"0":11,"1":11,"2":5,"3":5,"4":5,"5":3,"6":2,"7":11},"f":{"0":5},"b":{}}
,"/home/driven/Desktop/Driven__t10/src/controllers/bookings-controller.ts": {"path":"/home/driven/Desktop/Driven__t10/src/controllers/bookings-controller.ts","statementMap":{"0":{"start":{"line":3,"column":0},"end":{"line":3,"column":37}},"1":{"start":{"line":4,"column":0},"end":{"line":4,"column":59}},"2":{"start":{"line":7,"column":21},"end":{"line":7,"column":24}},"3":{"start":{"line":8,"column":2},"end":{"line":14,"column":null}},"4":{"start":{"line":9,"column":20},"end":{"line":9,"column":61}},"5":{"start":{"line":11,"column":4},"end":{"line":11,"column":44}},"6":{"start":{"line":13,"column":4},"end":{"line":13,"column":14}},"7":{"start":{"line":18,"column":21},"end":{"line":18,"column":24}},"8":{"start":{"line":19,"column":21},"end":{"line":19,"column":29}},"9":{"start":{"line":20,"column":2},"end":{"line":26,"column":null}},"10":{"start":{"line":21,"column":20},"end":{"line":21,"column":71}},"11":{"start":{"line":23,"column":4},"end":{"line":23,"column":44}},"12":{"start":{"line":25,"column":4},"end":{"line":25,"column":14}},"13":{"start":{"line":30,"column":24},"end":{"line":30,"column":34}},"14":{"start":{"line":31,"column":21},"end":{"line":31,"column":55}},"15":{"start":{"line":32,"column":21},"end":{"line":32,"column":24}},"16":{"start":{"line":34,"column":2},"end":{"line":40,"column":null}},"17":{"start":{"line":35,"column":20},"end":{"line":35,"column":90}},"18":{"start":{"line":37,"column":4},"end":{"line":37,"column":44}},"19":{"start":{"line":39,"column":4},"end":{"line":39,"column":14}},"20":{"start":{"line":42,"column":27},"end":{"line":46,"column":2}},"21":{"start":{"line":48,"column":0},"end":{"line":48,"column":34}}},"fnMap":{"0":{"name":"getBooking","decl":{"start":{"line":6,"column":15},"end":{"line":6,"column":25}},"loc":{"start":{"line":6,"column":85},"end":{"line":15,"column":1}}},"1":{"name":"postBooking","decl":{"start":{"line":17,"column":15},"end":{"line":17,"column":26}},"loc":{"start":{"line":17,"column":86},"end":{"line":27,"column":1}}},"2":{"name":"putBooking","decl":{"start":{"line":29,"column":15},"end":{"line":29,"column":25}},"loc":{"start":{"line":29,"column":85},"end":{"line":41,"column":1}}}},"branchMap":{},"s":{"0":11,"1":11,"2":0,"3":0,"4":0,"5":0,"6":0,"7":0,"8":0,"9":0,"10":0,"11":0,"12":0,"13":0,"14":0,"15":0,"16":0,"17":0,"18":0,"19":0,"20":11,"21":11},"f":{"0":0,"1":0,"2":0},"b":{}}
,"/home/driven/Desktop/Driven__t10/src/controllers/enrollments-controller.ts": {"path":"/home/driven/Desktop/Driven__t10/src/controllers/enrollments-controller.ts","statementMap":{"0":{"start":{"line":2,"column":0},"end":{"line":2,"column":37}},"1":{"start":{"line":4,"column":0},"end":{"line":4,"column":64}},"2":{"start":{"line":7,"column":21},"end":{"line":7,"column":24}},"3":{"start":{"line":9,"column":2},"end":{"line":15,"column":null}},"4":{"start":{"line":10,"column":34},"end":{"line":10,"column":92}},"5":{"start":{"line":12,"column":4},"end":{"line":12,"column":65}},"6":{"start":{"line":14,"column":4},"end":{"line":14,"column":49}},"7":{"start":{"line":6,"column":0},"end":{"line":6,"column":7}},"8":{"start":{"line":19,"column":2},"end":{"line":28,"column":null}},"9":{"start":{"line":20,"column":4},"end":{"line":23,"column":7}},"10":{"start":{"line":25,"column":4},"end":{"line":25,"column":41}},"11":{"start":{"line":27,"column":4},"end":{"line":27,"column":50}},"12":{"start":{"line":18,"column":0},"end":{"line":18,"column":7}},"13":{"start":{"line":32,"column":18},"end":{"line":32,"column":53}},"14":{"start":{"line":34,"column":2},"end":{"line":41,"column":null}},"15":{"start":{"line":35,"column":20},"end":{"line":35,"column":67}},"16":{"start":{"line":36,"column":4},"end":{"line":36,"column":44}},"17":{"start":{"line":38,"column":4},"end":{"line":40,"column":null}},"18":{"start":{"line":39,"column":6},"end":{"line":39,"column":51}},"19":{"start":{"line":31,"column":0},"end":{"line":31,"column":7}}},"fnMap":{"0":{"name":"getEnrollmentByUser","decl":{"start":{"line":6,"column":22},"end":{"line":6,"column":41}},"loc":{"start":{"line":6,"column":82},"end":{"line":16,"column":1}}},"1":{"name":"postCreateOrUpdateEnrollment","decl":{"start":{"line":18,"column":22},"end":{"line":18,"column":50}},"loc":{"start":{"line":18,"column":91},"end":{"line":29,"column":1}}},"2":{"name":"getAddressFromCEP","decl":{"start":{"line":31,"column":22},"end":{"line":31,"column":39}},"loc":{"start":{"line":31,"column":80},"end":{"line":42,"column":1}}}},"branchMap":{"0":{"loc":{"start":{"line":38,"column":4},"end":{"line":40,"column":null}},"type":"if","locations":[{"start":{"line":38,"column":4},"end":{"line":40,"column":null}}]}},"s":{"0":11,"1":11,"2":2,"3":2,"4":2,"5":1,"6":1,"7":11,"8":2,"9":2,"10":2,"11":0,"12":11,"13":2,"14":2,"15":2,"16":1,"17":1,"18":1,"19":11},"f":{"0":2,"1":2,"2":2},"b":{"0":[1]}}
,"/home/driven/Desktop/Driven__t10/src/controllers/events-controller.ts": {"path":"/home/driven/Desktop/Driven__t10/src/controllers/events-controller.ts","statementMap":{"0":{"start":{"line":2,"column":0},"end":{"line":2,"column":37}},"1":{"start":{"line":3,"column":0},"end":{"line":3,"column":54}},"2":{"start":{"line":6,"column":2},"end":{"line":11,"column":null}},"3":{"start":{"line":7,"column":18},"end":{"line":7,"column":53}},"4":{"start":{"line":8,"column":4},"end":{"line":8,"column":49}},"5":{"start":{"line":10,"column":4},"end":{"line":10,"column":53}},"6":{"start":{"line":5,"column":0},"end":{"line":5,"column":7}}},"fnMap":{"0":{"name":"getDefaultEvent","decl":{"start":{"line":5,"column":22},"end":{"line":5,"column":37}},"loc":{"start":{"line":5,"column":66},"end":{"line":12,"column":1}}}},"branchMap":{},"s":{"0":11,"1":11,"2":2,"3":2,"4":1,"5":1,"6":11},"f":{"0":2},"b":{}}
,"/home/driven/Desktop/Driven__t10/src/controllers/hotels-controller.ts": {"path":"/home/driven/Desktop/Driven__t10/src/controllers/hotels-controller.ts","statementMap":{"0":{"start":{"line":3,"column":0},"end":{"line":3,"column":37}},"1":{"start":{"line":4,"column":0},"end":{"line":4,"column":55}},"2":{"start":{"line":9,"column":4},"end":{"line":19,"column":null}},"3":{"start":{"line":10,"column":24},"end":{"line":10,"column":27}},"4":{"start":{"line":11,"column":21},"end":{"line":11,"column":61}},"5":{"start":{"line":12,"column":8},"end":{"line":12,"column":54}},"6":{"start":{"line":14,"column":6},"end":{"line":14,"column":80}},"7":{"start":{"line":14,"column":36},"end":{"line":14,"column":80}},"8":{"start":{"line":15,"column":6},"end":{"line":15,"column":87}},"9":{"start":{"line":15,"column":40},"end":{"line":15,"column":87}},"10":{"start":{"line":16,"column":6},"end":{"line":16,"column":94}},"11":{"start":{"line":16,"column":43},"end":{"line":16,"column":94}},"12":{"start":{"line":17,"column":6},"end":{"line":17,"column":55}},"13":{"start":{"line":24,"column":23},"end":{"line":24,"column":26}},"14":{"start":{"line":25,"column":20},"end":{"line":25,"column":48}},"15":{"start":{"line":26,"column":4},"end":{"line":35,"column":null}},"16":{"start":{"line":27,"column":22},"end":{"line":27,"column":73}},"17":{"start":{"line":28,"column":8},"end":{"line":28,"column":53}},"18":{"start":{"line":30,"column":6},"end":{"line":30,"column":80}},"19":{"start":{"line":30,"column":36},"end":{"line":30,"column":80}},"20":{"start":{"line":31,"column":6},"end":{"line":31,"column":87}},"21":{"start":{"line":31,"column":40},"end":{"line":31,"column":87}},"22":{"start":{"line":32,"column":6},"end":{"line":32,"column":94}},"23":{"start":{"line":32,"column":43},"end":{"line":32,"column":94}},"24":{"start":{"line":33,"column":6},"end":{"line":33,"column":55}},"25":{"start":{"line":39,"column":24},"end":{"line":43,"column":null}},"26":{"start":{"line":44,"column":0},"end":{"line":44,"column":null}}},"fnMap":{"0":{"name":"getHotels","decl":{"start":{"line":8,"column":16},"end":{"line":8,"column":25}},"loc":{"start":{"line":8,"column":67},"end":{"line":20,"column":1}}},"1":{"name":"getRooms","decl":{"start":{"line":22,"column":16},"end":{"line":22,"column":24}},"loc":{"start":{"line":22,"column":66},"end":{"line":37,"column":2}}}},"branchMap":{"0":{"loc":{"start":{"line":14,"column":6},"end":{"line":14,"column":80}},"type":"if","locations":[{"start":{"line":14,"column":6},"end":{"line":14,"column":80}}]},"1":{"loc":{"start":{"line":15,"column":6},"end":{"line":15,"column":87}},"type":"if","locations":[{"start":{"line":15,"column":6},"end":{"line":15,"column":87}}]},"2":{"loc":{"start":{"line":16,"column":6},"end":{"line":16,"column":94}},"type":"if","locations":[{"start":{"line":16,"column":6},"end":{"line":16,"column":94}}]},"3":{"loc":{"start":{"line":30,"column":6},"end":{"line":30,"column":80}},"type":"if","locations":[{"start":{"line":30,"column":6},"end":{"line":30,"column":80}}]},"4":{"loc":{"start":{"line":31,"column":6},"end":{"line":31,"column":87}},"type":"if","locations":[{"start":{"line":31,"column":6},"end":{"line":31,"column":87}}]},"5":{"loc":{"start":{"line":32,"column":6},"end":{"line":32,"column":94}},"type":"if","locations":[{"start":{"line":32,"column":6},"end":{"line":32,"column":94}}]}},"s":{"0":11,"1":11,"2":6,"3":6,"4":6,"5":1,"6":5,"7":3,"8":2,"9":0,"10":2,"11":2,"12":0,"13":2,"14":2,"15":2,"16":2,"17":1,"18":1,"19":1,"20":0,"21":0,"22":0,"23":0,"24":0,"25":11,"26":11},"f":{"0":6,"1":2},"b":{"0":[3],"1":[0],"2":[2],"3":[1],"4":[0],"5":[0]}}
,"/home/driven/Desktop/Driven__t10/src/controllers/index.ts": {"path":"/home/driven/Desktop/Driven__t10/src/controllers/index.ts","statementMap":{"0":{"start":{"line":1,"column":0},"end":{"line":1,"column":35}},"1":{"start":{"line":2,"column":0},"end":{"line":2,"column":44}},"2":{"start":{"line":3,"column":0},"end":{"line":3,"column":36}},"3":{"start":{"line":4,"column":0},"end":{"line":4,"column":41}},"4":{"start":{"line":5,"column":0},"end":{"line":5,"column":36}},"5":{"start":{"line":6,"column":0},"end":{"line":6,"column":37}},"6":{"start":{"line":7,"column":0},"end":{"line":7,"column":36}},"7":{"start":{"line":8,"column":0},"end":{"line":8,"column":39}}},"fnMap":{},"branchMap":{},"s":{"0":11,"1":11,"2":11,"3":11,"4":11,"5":11,"6":11,"7":11},"f":{},"b":{}}
,"/home/driven/Desktop/Driven__t10/src/controllers/payment-controller.ts": {"path":"/home/driven/Desktop/Driven__t10/src/controllers/payment-controller.ts","statementMap":{"0":{"start":{"line":2,"column":0},"end":{"line":2,"column":56}},"1":{"start":{"line":3,"column":0},"end":{"line":3,"column":37}},"2":{"start":{"line":5,"column":0},"end":{"line":5,"column":67}},"3":{"start":{"line":10,"column":23},"end":{"line":10,"column":26}},"4":{"start":{"line":11,"column":25},"end":{"line":11,"column":34}},"5":{"start":{"line":13,"column":4},"end":{"line":13,"column":64}},"6":{"start":{"line":13,"column":18},"end":{"line":13,"column":64}},"7":{"start":{"line":16,"column":24},"end":{"line":16,"column":40}},"8":{"start":{"line":17,"column":0},"end":{"line":25,"column":null}},"9":{"start":{"line":18,"column":17},"end":{"line":18,"column":70}},"10":{"start":{"line":19,"column":2},"end":{"line":19,"column":48}},"11":{"start":{"line":21,"column":1},"end":{"line":21,"column":78}},"12":{"start":{"line":21,"column":34},"end":{"line":21,"column":78}},"13":{"start":{"line":22,"column":1},"end":{"line":22,"column":85}},"14":{"start":{"line":22,"column":38},"end":{"line":22,"column":85}},"15":{"start":{"line":24,"column":2},"end":{"line":24,"column":51}},"16":{"start":{"line":29,"column":23},"end":{"line":29,"column":26}},"17":{"start":{"line":30,"column":35},"end":{"line":30,"column":43}},"18":{"start":{"line":31,"column":4},"end":{"line":31,"column":78}},"19":{"start":{"line":31,"column":32},"end":{"line":31,"column":78}},"20":{"start":{"line":32,"column":2},"end":{"line":48,"column":null}},"21":{"start":{"line":33,"column":20},"end":{"line":38,"column":6}},"22":{"start":{"line":39,"column":1},"end":{"line":39,"column":46}},"23":{"start":{"line":40,"column":4},"end":{"line":40,"column":44}},"24":{"start":{"line":42,"column":5},"end":{"line":44,"column":4}},"25":{"start":{"line":43,"column":7},"end":{"line":43,"column":51}},"26":{"start":{"line":44,"column":4},"end":{"line":46,"column":null}},"27":{"start":{"line":45,"column":6},"end":{"line":45,"column":53}},"28":{"start":{"line":47,"column":4},"end":{"line":47,"column":53}},"29":{"start":{"line":51,"column":26},"end":{"line":54,"column":null}},"30":{"start":{"line":56,"column":0},"end":{"line":56,"column":null}}},"fnMap":{"0":{"name":"getPayment","decl":{"start":{"line":9,"column":15},"end":{"line":9,"column":25}},"loc":{"start":{"line":9,"column":64},"end":{"line":26,"column":1}}},"1":{"name":"createPayment","decl":{"start":{"line":28,"column":15},"end":{"line":28,"column":28}},"loc":{"start":{"line":28,"column":77},"end":{"line":49,"column":1}}}},"branchMap":{"0":{"loc":{"start":{"line":13,"column":4},"end":{"line":13,"column":64}},"type":"if","locations":[{"start":{"line":13,"column":4},"end":{"line":13,"column":64}}]},"1":{"loc":{"start":{"line":21,"column":1},"end":{"line":21,"column":78}},"type":"if","locations":[{"start":{"line":21,"column":1},"end":{"line":21,"column":78}}]},"2":{"loc":{"start":{"line":22,"column":1},"end":{"line":22,"column":85}},"type":"if","locations":[{"start":{"line":22,"column":1},"end":{"line":22,"column":85}}]},"3":{"loc":{"start":{"line":31,"column":4},"end":{"line":31,"column":78}},"type":"if","locations":[{"start":{"line":31,"column":4},"end":{"line":31,"column":78}}]},"4":{"loc":{"start":{"line":31,"column":7},"end":{"line":31,"column":29}},"type":"binary-expr","locations":[{"start":{"line":31,"column":7},"end":{"line":31,"column":16}},{"start":{"line":31,"column":20},"end":{"line":31,"column":29}}]},"5":{"loc":{"start":{"line":42,"column":5},"end":{"line":44,"column":4}},"type":"if","locations":[{"start":{"line":42,"column":5},"end":{"line":44,"column":4}}]},"6":{"loc":{"start":{"line":44,"column":4},"end":{"line":46,"column":null}},"type":"if","locations":[{"start":{"line":44,"column":4},"end":{"line":46,"column":null}}]}},"s":{"0":11,"1":11,"2":11,"3":4,"4":4,"5":4,"6":1,"7":3,"8":3,"9":3,"10":1,"11":2,"12":1,"13":1,"14":1,"15":0,"16":7,"17":7,"18":7,"19":2,"20":5,"21":5,"22":3,"23":3,"24":2,"25":1,"26":1,"27":1,"28":0,"29":11,"30":11},"f":{"0":4,"1":7},"b":{"0":[1],"1":[1],"2":[1],"3":[2],"4":[7,6],"5":[1],"6":[1]}}
,"/home/driven/Desktop/Driven__t10/src/controllers/ticket-controller.ts": {"path":"/home/driven/Desktop/Driven__t10/src/controllers/ticket-controller.ts","statementMap":{"0":{"start":{"line":2,"column":0},"end":{"line":2,"column":37}},"1":{"start":{"line":3,"column":0},"end":{"line":3,"column":58}},"2":{"start":{"line":7,"column":3},"end":{"line":13,"column":null}},"3":{"start":{"line":8,"column":20},"end":{"line":8,"column":56}},"4":{"start":{"line":10,"column":3},"end":{"line":10,"column":42}},"5":{"start":{"line":12,"column":5},"end":{"line":12,"column":61}},"6":{"start":{"line":19,"column":21},"end":{"line":19,"column":24}},"7":{"start":{"line":20,"column":2},"end":{"line":29,"column":null}},"8":{"start":{"line":21,"column":20},"end":{"line":21,"column":61}},"9":{"start":{"line":22,"column":5},"end":{"line":22,"column":51}},"10":{"start":{"line":24,"column":4},"end":{"line":28,"column":null}},"11":{"start":{"line":25,"column":4},"end":{"line":25,"column":48}},"12":{"start":{"line":27,"column":4},"end":{"line":27,"column":60}},"13":{"start":{"line":32,"column":28},"end":{"line":32,"column":36}},"14":{"start":{"line":33,"column":22},"end":{"line":33,"column":25}},"15":{"start":{"line":34,"column":5},"end":{"line":36,"column":null}},"16":{"start":{"line":35,"column":6},"end":{"line":35,"column":52}},"17":{"start":{"line":37,"column":4},"end":{"line":44,"column":null}},"18":{"start":{"line":38,"column":21},"end":{"line":38,"column":76}},"19":{"start":{"line":39,"column":6},"end":{"line":39,"column":57}},"20":{"start":{"line":42,"column":3},"end":{"line":42,"column":109}},"21":{"start":{"line":47,"column":25},"end":{"line":52,"column":null}},"22":{"start":{"line":54,"column":0},"end":{"line":54,"column":32}}},"fnMap":{"0":{"name":"getTicketsType","decl":{"start":{"line":6,"column":15},"end":{"line":6,"column":29}},"loc":{"start":{"line":6,"column":57},"end":{"line":14,"column":2}}},"1":{"name":"getTicket","decl":{"start":{"line":18,"column":16},"end":{"line":18,"column":25}},"loc":{"start":{"line":18,"column":66},"end":{"line":30,"column":2}}},"2":{"name":"createTicket","decl":{"start":{"line":31,"column":15},"end":{"line":31,"column":27}},"loc":{"start":{"line":31,"column":66},"end":{"line":45,"column":1}}}},"branchMap":{"0":{"loc":{"start":{"line":24,"column":4},"end":{"line":28,"column":null}},"type":"if","locations":[{"start":{"line":24,"column":4},"end":{"line":28,"column":null}},{"start":{"line":26,"column":9},"end":{"line":28,"column":null}}]},"1":{"loc":{"start":{"line":34,"column":5},"end":{"line":36,"column":null}},"type":"if","locations":[{"start":{"line":34,"column":5},"end":{"line":36,"column":null}}]},"2":{"loc":{"start":{"line":42,"column":3},"end":{"line":42,"column":108}},"type":"cond-expr","locations":[{"start":{"line":42,"column":33},"end":{"line":42,"column":71}},{"start":{"line":42,"column":72},"end":{"line":42,"column":108}}]}},"s":{"0":11,"1":11,"2":2,"3":2,"4":2,"5":0,"6":3,"7":3,"8":3,"9":1,"10":2,"11":2,"12":0,"13":4,"14":4,"15":4,"16":1,"17":3,"18":3,"19":2,"20":1,"21":11,"22":11},"f":{"0":2,"1":3,"2":4},"b":{"0":[2,0],"1":[1],"2":[0,1]}}
,"/home/driven/Desktop/Driven__t10/src/controllers/users-controller.ts": {"path":"/home/driven/Desktop/Driven__t10/src/controllers/users-controller.ts","statementMap":{"0":{"start":{"line":2,"column":0},"end":{"line":2,"column":37}},"1":{"start":{"line":3,"column":0},"end":{"line":3,"column":51}},"2":{"start":{"line":6,"column":30},"end":{"line":6,"column":38}},"3":{"start":{"line":8,"column":2},"end":{"line":19,"column":null}},"4":{"start":{"line":9,"column":17},"end":{"line":9,"column":66}},"5":{"start":{"line":10,"column":4},"end":{"line":13,"column":7}},"6":{"start":{"line":15,"column":4},"end":{"line":17,"column":null}},"7":{"start":{"line":16,"column":6},"end":{"line":16,"column":57}},"8":{"start":{"line":18,"column":4},"end":{"line":18,"column":58}},"9":{"start":{"line":5,"column":0},"end":{"line":5,"column":7}}},"fnMap":{"0":{"name":"usersPost","decl":{"start":{"line":5,"column":22},"end":{"line":5,"column":31}},"loc":{"start":{"line":5,"column":59},"end":{"line":20,"column":1}}}},"branchMap":{"0":{"loc":{"start":{"line":15,"column":4},"end":{"line":17,"column":null}},"type":"if","locations":[{"start":{"line":15,"column":4},"end":{"line":17,"column":null}}]}},"s":{"0":11,"1":11,"2":6,"3":6,"4":6,"5":3,"6":3,"7":1,"8":2,"9":11},"f":{"0":6},"b":{"0":[1]}}
,"/home/driven/Desktop/Driven__t10/src/errors/cannot-enroll-before-start-date-error.ts": {"path":"/home/driven/Desktop/Driven__t10/src/errors/cannot-enroll-before-start-date-error.ts","statementMap":{"0":{"start":{"line":4,"column":2},"end":{"line":7,"column":4}},"1":{"start":{"line":3,"column":0},"end":{"line":3,"column":16}}},"fnMap":{"0":{"name":"cannotEnrollBeforeStartDateError","decl":{"start":{"line":3,"column":16},"end":{"line":3,"column":48}},"loc":{"start":{"line":3,"column":48},"end":{"line":8,"column":1}}}},"branchMap":{},"s":{"0":2,"1":11},"f":{"0":2},"b":{}}
,"/home/driven/Desktop/Driven__t10/src/errors/cannot-list-hotels-error.ts": {"path":"/home/driven/Desktop/Driven__t10/src/errors/cannot-list-hotels-error.ts","statementMap":{"0":{"start":{"line":4,"column":2},"end":{"line":7,"column":4}},"1":{"start":{"line":3,"column":0},"end":{"line":3,"column":16}}},"fnMap":{"0":{"name":"cannotListHotelsError","decl":{"start":{"line":3,"column":16},"end":{"line":3,"column":37}},"loc":{"start":{"line":3,"column":37},"end":{"line":8,"column":1}}}},"branchMap":{},"s":{"0":0,"1":0},"f":{"0":0},"b":{}}
,"/home/driven/Desktop/Driven__t10/src/errors/conflict-error.ts": {"path":"/home/driven/Desktop/Driven__t10/src/errors/conflict-error.ts","statementMap":{"0":{"start":{"line":4,"column":2},"end":{"line":7,"column":4}},"1":{"start":{"line":3,"column":0},"end":{"line":3,"column":16}}},"fnMap":{"0":{"name":"conflictError","decl":{"start":{"line":3,"column":16},"end":{"line":3,"column":29}},"loc":{"start":{"line":3,"column":45},"end":{"line":8,"column":1}}}},"branchMap":{},"s":{"0":0,"1":11},"f":{"0":0},"b":{}}
,"/home/driven/Desktop/Driven__t10/src/errors/forbidden-error.ts": {"path":"/home/driven/Desktop/Driven__t10/src/errors/forbidden-error.ts","statementMap":{"0":{"start":{"line":4,"column":2},"end":{"line":7,"column":4}},"1":{"start":{"line":3,"column":0},"end":{"line":3,"column":16}}},"fnMap":{"0":{"name":"forbiddenError","decl":{"start":{"line":3,"column":16},"end":{"line":3,"column":30}},"loc":{"start":{"line":3,"column":30},"end":{"line":8,"column":1}}}},"branchMap":{},"s":{"0":0,"1":11},"f":{"0":0},"b":{}}
,"/home/driven/Desktop/Driven__t10/src/errors/index.ts": {"path":"/home/driven/Desktop/Driven__t10/src/errors/index.ts","statementMap":{"0":{"start":{"line":1,"column":0},"end":{"line":1,"column":56}},"1":{"start":{"line":2,"column":0},"end":{"line":2,"column":33}},"2":{"start":{"line":3,"column":0},"end":{"line":3,"column":37}},"3":{"start":{"line":4,"column":0},"end":{"line":4,"column":38}},"4":{"start":{"line":5,"column":0},"end":{"line":5,"column":34}},"5":{"start":{"line":6,"column":0},"end":{"line":6,"column":37}},"6":{"start":{"line":7,"column":0},"end":{"line":7,"column":32}},"7":{"start":{"line":8,"column":0},"end":{"line":8,"column":33}}},"fnMap":{},"branchMap":{},"s":{"0":11,"1":11,"2":11,"3":11,"4":11,"5":11,"6":11,"7":11},"f":{},"b":{}}
,"/home/driven/Desktop/Driven__t10/src/errors/invalid-data-error.ts": {"path":"/home/driven/Desktop/Driven__t10/src/errors/invalid-data-error.ts","statementMap":{"0":{"start":{"line":4,"column":2},"end":{"line":8,"column":4}},"1":{"start":{"line":3,"column":0},"end":{"line":3,"column":16}}},"fnMap":{"0":{"name":"invalidDataError","decl":{"start":{"line":3,"column":16},"end":{"line":3,"column":32}},"loc":{"start":{"line":3,"column":50},"end":{"line":9,"column":1}}}},"branchMap":{},"s":{"0":7,"1":11},"f":{"0":7},"b":{}}
,"/home/driven/Desktop/Driven__t10/src/errors/invalid-email-error.ts": {"path":"/home/driven/Desktop/Driven__t10/src/errors/invalid-email-error.ts","statementMap":{"0":{"start":{"line":4,"column":2},"end":{"line":8,"column":4}},"1":{"start":{"line":3,"column":0},"end":{"line":3,"column":16}}},"fnMap":{"0":{"name":"invalidEmailError","decl":{"start":{"line":3,"column":16},"end":{"line":3,"column":33}},"loc":{"start":{"line":3,"column":47},"end":{"line":9,"column":1}}}},"branchMap":{},"s":{"0":0,"1":11},"f":{"0":0},"b":{}}
,"/home/driven/Desktop/Driven__t10/src/errors/not-found-error.ts": {"path":"/home/driven/Desktop/Driven__t10/src/errors/not-found-error.ts","statementMap":{"0":{"start":{"line":4,"column":2},"end":{"line":7,"column":4}},"1":{"start":{"line":3,"column":0},"end":{"line":3,"column":16}}},"fnMap":{"0":{"name":"notFoundError","decl":{"start":{"line":3,"column":16},"end":{"line":3,"column":29}},"loc":{"start":{"line":3,"column":29},"end":{"line":8,"column":1}}}},"branchMap":{},"s":{"0":12,"1":11},"f":{"0":12},"b":{}}
,"/home/driven/Desktop/Driven__t10/src/errors/payment-error.ts": {"path":"/home/driven/Desktop/Driven__t10/src/errors/payment-error.ts","statementMap":{"0":{"start":{"line":4,"column":2},"end":{"line":7,"column":4}},"1":{"start":{"line":3,"column":0},"end":{"line":3,"column":16}}},"fnMap":{"0":{"name":"paymentRequiredError","decl":{"start":{"line":3,"column":16},"end":{"line":3,"column":36}},"loc":{"start":{"line":3,"column":36},"end":{"line":8,"column":1}}}},"branchMap":{},"s":{"0":2,"1":11},"f":{"0":2},"b":{}}
,"/home/driven/Desktop/Driven__t10/src/errors/request-error.ts": {"path":"/home/driven/Desktop/Driven__t10/src/errors/request-error.ts","statementMap":{"0":{"start":{"line":4,"column":2},"end":{"line":10,"column":4}},"1":{"start":{"line":3,"column":0},"end":{"line":3,"column":16}}},"fnMap":{"0":{"name":"requestError","decl":{"start":{"line":3,"column":16},"end":{"line":3,"column":28}},"loc":{"start":{"line":3,"column":63},"end":{"line":11,"column":1}}}},"branchMap":{},"s":{"0":1,"1":11},"f":{"0":1},"b":{}}
,"/home/driven/Desktop/Driven__t10/src/errors/unauthorized-error.ts": {"path":"/home/driven/Desktop/Driven__t10/src/errors/unauthorized-error.ts","statementMap":{"0":{"start":{"line":4,"column":2},"end":{"line":7,"column":4}},"1":{"start":{"line":3,"column":0},"end":{"line":3,"column":16}}},"fnMap":{"0":{"name":"unauthorizedError","decl":{"start":{"line":3,"column":16},"end":{"line":3,"column":33}},"loc":{"start":{"line":3,"column":33},"end":{"line":8,"column":1}}}},"branchMap":{},"s":{"0":28,"1":11},"f":{"0":28},"b":{}}
,"/home/driven/Desktop/Driven__t10/src/middlewares/authentication-middleware.ts": {"path":"/home/driven/Desktop/Driven__t10/src/middlewares/authentication-middleware.ts","statementMap":{"0":{"start":{"line":2,"column":0},"end":{"line":2,"column":37}},"1":{"start":{"line":3,"column":0},"end":{"line":3,"column":36}},"2":{"start":{"line":5,"column":0},"end":{"line":5,"column":45}},"3":{"start":{"line":6,"column":0},"end":{"line":6,"column":34}},"4":{"start":{"line":9,"column":21},"end":{"line":9,"column":48}},"5":{"start":{"line":10,"column":2},"end":{"line":10,"column":60}},"6":{"start":{"line":10,"column":19},"end":{"line":10,"column":60}},"7":{"start":{"line":12,"column":16},"end":{"line":12,"column":40}},"8":{"start":{"line":13,"column":2},"end":{"line":13,"column":55}},"9":{"start":{"line":13,"column":14},"end":{"line":13,"column":55}},"10":{"start":{"line":14,"column":2},"end":{"line":29,"column":null}},"11":{"start":{"line":15,"column":23},"end":{"line":15,"column":78}},"12":{"start":{"line":17,"column":20},"end":{"line":21,"column":6}},"13":{"start":{"line":22,"column":4},"end":{"line":22,"column":59}},"14":{"start":{"line":22,"column":18},"end":{"line":22,"column":59}},"15":{"start":{"line":24,"column":4},"end":{"line":24,"column":24}},"16":{"start":{"line":26,"column":4},"end":{"line":26,"column":18}},"17":{"start":{"line":28,"column":4},"end":{"line":28,"column":45}},"18":{"start":{"line":8,"column":0},"end":{"line":8,"column":7}},"19":{"start":{"line":33,"column":2},"end":{"line":33,"column":64}}},"fnMap":{"0":{"name":"authenticateToken","decl":{"start":{"line":8,"column":22},"end":{"line":8,"column":39}},"loc":{"start":{"line":8,"column":100},"end":{"line":30,"column":1}}},"1":{"name":"generateUnauthorizedResponse","decl":{"start":{"line":32,"column":9},"end":{"line":32,"column":37}},"loc":{"start":{"line":32,"column":51},"end":{"line":34,"column":1}}}},"branchMap":{"0":{"loc":{"start":{"line":10,"column":2},"end":{"line":10,"column":60}},"type":"if","locations":[{"start":{"line":10,"column":2},"end":{"line":10,"column":60}}]},"1":{"loc":{"start":{"line":13,"column":2},"end":{"line":13,"column":55}},"type":"if","locations":[{"start":{"line":13,"column":2},"end":{"line":13,"column":55}}]},"2":{"loc":{"start":{"line":22,"column":4},"end":{"line":22,"column":59}},"type":"if","locations":[{"start":{"line":22,"column":4},"end":{"line":22,"column":59}}]}},"s":{"0":11,"1":11,"2":11,"3":11,"4":61,"5":61,"6":9,"7":52,"8":52,"9":0,"10":52,"11":52,"12":43,"13":43,"14":8,"15":35,"16":35,"17":9,"18":11,"19":26},"f":{"0":61,"1":26},"b":{"0":[9],"1":[0],"2":[8]}}
,"/home/driven/Desktop/Driven__t10/src/middlewares/error-handling-middleware.ts": {"path":"/home/driven/Desktop/Driven__t10/src/middlewares/error-handling-middleware.ts","statementMap":{"0":{"start":{"line":2,"column":0},"end":{"line":2,"column":37}},"1":{"start":{"line":11,"column":2},"end":{"line":15,"column":null}},"2":{"start":{"line":12,"column":4},"end":{"line":14,"column":7}},"3":{"start":{"line":17,"column":2},"end":{"line":21,"column":null}},"4":{"start":{"line":18,"column":4},"end":{"line":20,"column":7}},"5":{"start":{"line":23,"column":2},"end":{"line":27,"column":null}},"6":{"start":{"line":24,"column":4},"end":{"line":26,"column":7}},"7":{"start":{"line":29,"column":2},"end":{"line":33,"column":null}},"8":{"start":{"line":30,"column":4},"end":{"line":32,"column":7}},"9":{"start":{"line":35,"column":2},"end":{"line":39,"column":null}},"10":{"start":{"line":36,"column":4},"end":{"line":38,"column":7}},"11":{"start":{"line":42,"column":2},"end":{"line":42,"column":26}},"12":{"start":{"line":43,"column":2},"end":{"line":46,"column":5}},"13":{"start":{"line":5,"column":0},"end":{"line":5,"column":16}}},"fnMap":{"0":{"name":"handleApplicationErrors","decl":{"start":{"line":5,"column":16},"end":{"line":5,"column":39}},"loc":{"start":{"line":9,"column":21},"end":{"line":47,"column":1}}}},"branchMap":{"0":{"loc":{"start":{"line":11,"column":2},"end":{"line":15,"column":null}},"type":"if","locations":[{"start":{"line":11,"column":2},"end":{"line":15,"column":null}}]},"1":{"loc":{"start":{"line":17,"column":2},"end":{"line":21,"column":null}},"type":"if","locations":[{"start":{"line":17,"column":2},"end":{"line":21,"column":null}}]},"2":{"loc":{"start":{"line":17,"column":6},"end":{"line":17,"column":73}},"type":"binary-expr","locations":[{"start":{"line":17,"column":6},"end":{"line":17,"column":34}},{"start":{"line":17,"column":38},"end":{"line":17,"column":73}}]},"3":{"loc":{"start":{"line":23,"column":2},"end":{"line":27,"column":null}},"type":"if","locations":[{"start":{"line":23,"column":2},"end":{"line":27,"column":null}}]},"4":{"loc":{"start":{"line":29,"column":2},"end":{"line":33,"column":null}},"type":"if","locations":[{"start":{"line":29,"column":2},"end":{"line":33,"column":null}}]},"5":{"loc":{"start":{"line":35,"column":2},"end":{"line":39,"column":null}},"type":"if","locations":[{"start":{"line":35,"column":2},"end":{"line":39,"column":null}}]}},"s":{"0":11,"1":0,"2":0,"3":0,"4":0,"5":0,"6":0,"7":0,"8":0,"9":0,"10":0,"11":0,"12":0,"13":11},"f":{"0":0},"b":{"0":[0],"1":[0],"2":[0,0],"3":[0],"4":[0],"5":[0]}}
,"/home/driven/Desktop/Driven__t10/src/middlewares/index.ts": {"path":"/home/driven/Desktop/Driven__t10/src/middlewares/index.ts","statementMap":{"0":{"start":{"line":1,"column":0},"end":{"line":1,"column":44}},"1":{"start":{"line":2,"column":0},"end":{"line":2,"column":40}},"2":{"start":{"line":3,"column":0},"end":{"line":3,"column":44}}},"fnMap":{},"branchMap":{},"s":{"0":11,"1":11,"2":11},"f":{},"b":{}}
,"/home/driven/Desktop/Driven__t10/src/middlewares/validation-middleware.ts": {"path":"/home/driven/Desktop/Driven__t10/src/middlewares/validation-middleware.ts","statementMap":{"0":{"start":{"line":2,"column":0},"end":{"line":2,"column":37}},"1":{"start":{"line":4,"column":0},"end":{"line":4,"column":44}},"2":{"start":{"line":7,"column":2},"end":{"line":7,"column":34}},"3":{"start":{"line":6,"column":0},"end":{"line":6,"column":16}},"4":{"start":{"line":11,"column":2},"end":{"line":11,"column":36}},"5":{"start":{"line":10,"column":0},"end":{"line":10,"column":16}},"6":{"start":{"line":15,"column":2},"end":{"line":25,"column":4}},"7":{"start":{"line":16,"column":22},"end":{"line":18,"column":6}},"8":{"start":{"line":20,"column":4},"end":{"line":24,"column":null}},"9":{"start":{"line":21,"column":6},"end":{"line":21,"column":13}},"10":{"start":{"line":23,"column":6},"end":{"line":23,"column":101}},"11":{"start":{"line":23,"column":88},"end":{"line":23,"column":97}}},"fnMap":{"0":{"name":"validateBody","decl":{"start":{"line":6,"column":16},"end":{"line":6,"column":28}},"loc":{"start":{"line":6,"column":55},"end":{"line":8,"column":1}}},"1":{"name":"validateParams","decl":{"start":{"line":10,"column":16},"end":{"line":10,"column":30}},"loc":{"start":{"line":10,"column":57},"end":{"line":12,"column":1}}},"2":{"name":"validate","decl":{"start":{"line":14,"column":9},"end":{"line":14,"column":17}},"loc":{"start":{"line":14,"column":63},"end":{"line":26,"column":1}}},"3":{"name":"(anonymous_4)","decl":{"start":{"line":15,"column":9},"end":{"line":15,"column":10}},"loc":{"start":{"line":15,"column":61},"end":{"line":25,"column":3}}},"4":{"name":"(anonymous_5)","decl":{"start":{"line":23,"column":81},"end":{"line":23,"column":82}},"loc":{"start":{"line":23,"column":88},"end":{"line":23,"column":97}}}},"branchMap":{"0":{"loc":{"start":{"line":20,"column":4},"end":{"line":24,"column":null}},"type":"if","locations":[{"start":{"line":20,"column":4},"end":{"line":24,"column":null}},{"start":{"line":22,"column":11},"end":{"line":24,"column":null}}]}},"s":{"0":11,"1":11,"2":33,"3":11,"4":0,"5":11,"6":33,"7":20,"8":20,"9":13,"10":7,"11":23},"f":{"0":33,"1":0,"2":33,"3":20,"4":23},"b":{"0":[13,7]}}
,"/home/driven/Desktop/Driven__t10/src/repositories/address-repository/index.ts": {"path":"/home/driven/Desktop/Driven__t10/src/repositories/address-repository/index.ts","statementMap":{"0":{"start":{"line":2,"column":0},"end":{"line":2,"column":34}},"1":{"start":{"line":5,"column":2},"end":{"line":14,"column":5}},"2":{"start":{"line":20,"column":26},"end":{"line":22,"column":2}},"3":{"start":{"line":24,"column":0},"end":{"line":24,"column":33}}},"fnMap":{"0":{"name":"upsert","decl":{"start":{"line":4,"column":15},"end":{"line":4,"column":21}},"loc":{"start":{"line":4,"column":116},"end":{"line":15,"column":1}}}},"branchMap":{},"s":{"0":11,"1":2,"2":11,"3":11},"f":{"0":2},"b":{}}
,"/home/driven/Desktop/Driven__t10/src/repositories/bookings-repository/index.ts": {"path":"/home/driven/Desktop/Driven__t10/src/repositories/bookings-repository/index.ts","statementMap":{"0":{"start":{"line":1,"column":0},"end":{"line":1,"column":34}},"1":{"start":{"line":4,"column":18},"end":{"line":11,"column":4}},"2":{"start":{"line":12,"column":2},"end":{"line":12,"column":17}},"3":{"start":{"line":16,"column":2},"end":{"line":32,"column":5}},"4":{"start":{"line":35,"column":2},"end":{"line":42,"column":5}},"5":{"start":{"line":46,"column":2},"end":{"line":53,"column":5}},"6":{"start":{"line":56,"column":2},"end":{"line":60,"column":null}},"7":{"start":{"line":62,"column":26},"end":{"line":69,"column":null}},"8":{"start":{"line":72,"column":0},"end":{"line":72,"column":null}}},"fnMap":{"0":{"name":"findBookingByUserId","decl":{"start":{"line":3,"column":15},"end":{"line":3,"column":34}},"loc":{"start":{"line":3,"column":49},"end":{"line":13,"column":1}}},"1":{"name":"createBooking","decl":{"start":{"line":15,"column":15},"end":{"line":15,"column":28}},"loc":{"start":{"line":15,"column":59},"end":{"line":33,"column":1}}},"2":{"name":"findRoom","decl":{"start":{"line":34,"column":9},"end":{"line":34,"column":17}},"loc":{"start":{"line":34,"column":27},"end":{"line":43,"column":1}}},"3":{"name":"putBooking","decl":{"start":{"line":45,"column":15},"end":{"line":45,"column":25}},"loc":{"start":{"line":45,"column":53},"end":{"line":54,"column":1}}},"4":{"name":"existingBooking","decl":{"start":{"line":55,"column":15},"end":{"line":55,"column":30}},"loc":{"start":{"line":55,"column":44},"end":{"line":61,"column":1}}}},"branchMap":{},"s":{"0":11,"1":0,"2":0,"3":0,"4":0,"5":0,"6":0,"7":11,"8":11},"f":{"0":0,"1":0,"2":0,"3":0,"4":0},"b":{}}
,"/home/driven/Desktop/Driven__t10/src/repositories/enrollment-repository/index.ts": {"path":"/home/driven/Desktop/Driven__t10/src/repositories/enrollment-repository/index.ts","statementMap":{"0":{"start":{"line":2,"column":0},"end":{"line":2,"column":34}},"1":{"start":{"line":5,"column":2},"end":{"line":10,"column":5}},"2":{"start":{"line":18,"column":2},"end":{"line":24,"column":5}},"3":{"start":{"line":28,"column":2},"end":{"line":30,"column":5}},"4":{"start":{"line":36,"column":29},"end":{"line":40,"column":2}},"5":{"start":{"line":42,"column":0},"end":{"line":42,"column":36}}},"fnMap":{"0":{"name":"findWithAddressByUserId","decl":{"start":{"line":4,"column":15},"end":{"line":4,"column":38}},"loc":{"start":{"line":4,"column":53},"end":{"line":11,"column":1}}},"1":{"name":"upsert","decl":{"start":{"line":13,"column":15},"end":{"line":13,"column":21}},"loc":{"start":{"line":16,"column":43},"end":{"line":25,"column":1}}},"2":{"name":"findById","decl":{"start":{"line":27,"column":15},"end":{"line":27,"column":23}},"loc":{"start":{"line":27,"column":44},"end":{"line":31,"column":1}}}},"branchMap":{},"s":{"0":11,"1":22,"2":2,"3":0,"4":11,"5":11},"f":{"0":22,"1":2,"2":0},"b":{}}
,"/home/driven/Desktop/Driven__t10/src/repositories/event-repository/index.ts": {"path":"/home/driven/Desktop/Driven__t10/src/repositories/event-repository/index.ts","statementMap":{"0":{"start":{"line":1,"column":0},"end":{"line":1,"column":34}},"1":{"start":{"line":4,"column":2},"end":{"line":4,"column":34}},"2":{"start":{"line":7,"column":24},"end":{"line":9,"column":2}},"3":{"start":{"line":11,"column":0},"end":{"line":11,"column":31}}},"fnMap":{"0":{"name":"findFirst","decl":{"start":{"line":3,"column":15},"end":{"line":3,"column":24}},"loc":{"start":{"line":3,"column":24},"end":{"line":5,"column":1}}}},"branchMap":{},"s":{"0":11,"1":11,"2":11,"3":11},"f":{"0":11},"b":{}}
,"/home/driven/Desktop/Driven__t10/src/repositories/hotels-repository/index.ts": {"path":"/home/driven/Desktop/Driven__t10/src/repositories/hotels-repository/index.ts","statementMap":{"0":{"start":{"line":1,"column":0},"end":{"line":1,"column":38}},"1":{"start":{"line":2,"column":0},"end":{"line":2,"column":45}},"2":{"start":{"line":6,"column":4},"end":{"line":6,"column":41}},"3":{"start":{"line":10,"column":26},"end":{"line":17,"column":8}},"4":{"start":{"line":18,"column":6},"end":{"line":20,"column":null}},"5":{"start":{"line":19,"column":8},"end":{"line":19,"column":30}},"6":{"start":{"line":21,"column":6},"end":{"line":35,"column":8}},"7":{"start":{"line":27,"column":51},"end":{"line":34,"column":10}},"8":{"start":{"line":41,"column":25},"end":{"line":45,"column":null}},"9":{"start":{"line":47,"column":0},"end":{"line":47,"column":null}}},"fnMap":{"0":{"name":"getHotels","decl":{"start":{"line":4,"column":16},"end":{"line":4,"column":25}},"loc":{"start":{"line":4,"column":25},"end":{"line":7,"column":1}}},"1":{"name":"getRooms","decl":{"start":{"line":9,"column":15},"end":{"line":9,"column":23}},"loc":{"start":{"line":9,"column":39},"end":{"line":37,"column":5}}},"2":{"name":"(anonymous_2)","decl":{"start":{"line":27,"column":40},"end":{"line":27,"column":41}},"loc":{"start":{"line":27,"column":51},"end":{"line":34,"column":10}}}},"branchMap":{"0":{"loc":{"start":{"line":18,"column":6},"end":{"line":20,"column":null}},"type":"if","locations":[{"start":{"line":18,"column":6},"end":{"line":20,"column":null}}]},"1":{"loc":{"start":{"line":18,"column":9},"end":{"line":18,"column":61}},"type":"binary-expr","locations":[{"start":{"line":18,"column":9},"end":{"line":18,"column":24}},{"start":{"line":18,"column":28},"end":{"line":18,"column":61}}]}},"s":{"0":11,"1":11,"2":2,"3":2,"4":2,"5":1,"6":1,"7":4,"8":11,"9":11},"f":{"0":2,"1":2,"2":4},"b":{"0":[1],"1":[2,1]}}
,"/home/driven/Desktop/Driven__t10/src/repositories/payment-repository/index.ts": {"path":"/home/driven/Desktop/Driven__t10/src/repositories/payment-repository/index.ts","statementMap":{"0":{"start":{"line":2,"column":0},"end":{"line":2,"column":46}},"1":{"start":{"line":3,"column":0},"end":{"line":3,"column":38}},"2":{"start":{"line":8,"column":4},"end":{"line":12,"column":7}},"3":{"start":{"line":16,"column":60},"end":{"line":16,"column":68}},"4":{"start":{"line":18,"column":4},"end":{"line":25,"column":9}},"5":{"start":{"line":29,"column":4},"end":{"line":32,"column":7}},"6":{"start":{"line":36,"column":26},"end":{"line":40,"column":null}},"7":{"start":{"line":42,"column":0},"end":{"line":42,"column":33}}},"fnMap":{"0":{"name":"getPaymentByTicketId","decl":{"start":{"line":7,"column":15},"end":{"line":7,"column":35}},"loc":{"start":{"line":7,"column":52},"end":{"line":13,"column":1}}},"1":{"name":"createPayment","decl":{"start":{"line":15,"column":15},"end":{"line":15,"column":28}},"loc":{"start":{"line":15,"column":47},"end":{"line":26,"column":1}}},"2":{"name":"updatePaid","decl":{"start":{"line":28,"column":15},"end":{"line":28,"column":25}},"loc":{"start":{"line":28,"column":36},"end":{"line":33,"column":3}}}},"branchMap":{},"s":{"0":11,"1":11,"2":1,"3":3,"4":3,"5":3,"6":11,"7":11},"f":{"0":1,"1":3,"2":3},"b":{}}
,"/home/driven/Desktop/Driven__t10/src/repositories/session-repository/index.ts": {"path":"/home/driven/Desktop/Driven__t10/src/repositories/session-repository/index.ts","statementMap":{"0":{"start":{"line":2,"column":0},"end":{"line":2,"column":34}},"1":{"start":{"line":5,"column":2},"end":{"line":7,"column":5}},"2":{"start":{"line":10,"column":26},"end":{"line":12,"column":2}},"3":{"start":{"line":14,"column":0},"end":{"line":14,"column":33}}},"fnMap":{"0":{"name":"create","decl":{"start":{"line":4,"column":15},"end":{"line":4,"column":21}},"loc":{"start":{"line":4,"column":62},"end":{"line":8,"column":1}}}},"branchMap":{},"s":{"0":11,"1":5,"2":11,"3":11},"f":{"0":5},"b":{}}
,"/home/driven/Desktop/Driven__t10/src/repositories/ticket-repository/index.ts": {"path":"/home/driven/Desktop/Driven__t10/src/repositories/ticket-repository/index.ts","statementMap":{"0":{"start":{"line":1,"column":0},"end":{"line":1,"column":38}},"1":{"start":{"line":6,"column":4},"end":{"line":6,"column":46}},"2":{"start":{"line":10,"column":4},"end":{"line":18,"column":null}},"3":{"start":{"line":21,"column":4},"end":{"line":29,"column":null}},"4":{"start":{"line":32,"column":4},"end":{"line":42,"column":7}},"5":{"start":{"line":45,"column":27},"end":{"line":51,"column":4}},"6":{"start":{"line":53,"column":2},"end":{"line":53,"column":34}}},"fnMap":{"0":{"name":"getTicketTypesByRepository","decl":{"start":{"line":5,"column":16},"end":{"line":5,"column":42}},"loc":{"start":{"line":5,"column":42},"end":{"line":7,"column":2}}},"1":{"name":"getTicketsByUser","decl":{"start":{"line":9,"column":16},"end":{"line":9,"column":32}},"loc":{"start":{"line":9,"column":53},"end":{"line":19,"column":2}}},"2":{"name":"getTicketById","decl":{"start":{"line":20,"column":16},"end":{"line":20,"column":29}},"loc":{"start":{"line":20,"column":40},"end":{"line":30,"column":2}}},"3":{"name":"createTicketByRepository","decl":{"start":{"line":31,"column":16},"end":{"line":31,"column":40}},"loc":{"start":{"line":31,"column":83},"end":{"line":44,"column":3}}}},"branchMap":{},"s":{"0":11,"1":2,"2":9,"3":8,"4":2,"5":11,"6":11},"f":{"0":2,"1":9,"2":8,"3":2},"b":{}}
,"/home/driven/Desktop/Driven__t10/src/repositories/user-repository/index.ts": {"path":"/home/driven/Desktop/Driven__t10/src/repositories/user-repository/index.ts","statementMap":{"0":{"start":{"line":2,"column":0},"end":{"line":2,"column":34}},"1":{"start":{"line":5,"column":44},"end":{"line":9,"column":4}},"2":{"start":{"line":11,"column":2},"end":{"line":13,"column":null}},"3":{"start":{"line":12,"column":4},"end":{"line":12,"column":27}},"4":{"start":{"line":15,"column":2},"end":{"line":15,"column":40}},"5":{"start":{"line":19,"column":2},"end":{"line":21,"column":5}},"6":{"start":{"line":24,"column":23},"end":{"line":27,"column":2}},"7":{"start":{"line":29,"column":0},"end":{"line":29,"column":30}}},"fnMap":{"0":{"name":"findByEmail","decl":{"start":{"line":4,"column":15},"end":{"line":4,"column":26}},"loc":{"start":{"line":4,"column":68},"end":{"line":16,"column":1}}},"1":{"name":"create","decl":{"start":{"line":18,"column":15},"end":{"line":18,"column":21}},"loc":{"start":{"line":18,"column":59},"end":{"line":22,"column":1}}}},"branchMap":{"0":{"loc":{"start":{"line":11,"column":2},"end":{"line":13,"column":null}},"type":"if","locations":[{"start":{"line":11,"column":2},"end":{"line":13,"column":null}}]}},"s":{"0":11,"1":16,"2":16,"3":9,"4":16,"5":5,"6":11,"7":11},"f":{"0":16,"1":5},"b":{"0":[9]}}
,"/home/driven/Desktop/Driven__t10/src/routers/authentication-router.ts": {"path":"/home/driven/Desktop/Driven__t10/src/routers/authentication-router.ts","statementMap":{"0":{"start":{"line":1,"column":0},"end":{"line":1,"column":33}},"1":{"start":{"line":2,"column":0},"end":{"line":2,"column":43}},"2":{"start":{"line":3,"column":0},"end":{"line":3,"column":45}},"3":{"start":{"line":4,"column":0},"end":{"line":4,"column":41}},"4":{"start":{"line":6,"column":29},"end":{"line":6,"column":37}},"5":{"start":{"line":10,"column":9},"end":{"line":10,"column":29}},"6":{"start":{"line":8,"column":0},"end":{"line":8,"column":78}}},"fnMap":{},"branchMap":{},"s":{"0":11,"1":11,"2":11,"3":11,"4":11,"5":11,"6":11},"f":{},"b":{}}
,"/home/driven/Desktop/Driven__t10/src/routers/bookngs-routes.ts": {"path":"/home/driven/Desktop/Driven__t10/src/routers/bookngs-routes.ts","statementMap":{"0":{"start":{"line":1,"column":0},"end":{"line":1,"column":33}},"1":{"start":{"line":2,"column":0},"end":{"line":2,"column":51}},"2":{"start":{"line":3,"column":0},"end":{"line":3,"column":68}},"3":{"start":{"line":8,"column":23},"end":{"line":12,"column":67}},"4":{"start":{"line":14,"column":9},"end":{"line":14,"column":23}}},"fnMap":{},"branchMap":{},"s":{"0":11,"1":11,"2":11,"3":11,"4":11},"f":{},"b":{}}
,"/home/driven/Desktop/Driven__t10/src/routers/enrollments-router.ts": {"path":"/home/driven/Desktop/Driven__t10/src/routers/enrollments-router.ts","statementMap":{"0":{"start":{"line":1,"column":0},"end":{"line":1,"column":33}},"1":{"start":{"line":2,"column":0},"end":{"line":2,"column":64}},"2":{"start":{"line":3,"column":0},"end":{"line":3,"column":101}},"3":{"start":{"line":4,"column":0},"end":{"line":4,"column":51}},"4":{"start":{"line":6,"column":26},"end":{"line":6,"column":34}},"5":{"start":{"line":14,"column":9},"end":{"line":14,"column":26}},"6":{"start":{"line":8,"column":0},"end":{"line":12,"column":81}}},"fnMap":{},"branchMap":{},"s":{"0":11,"1":11,"2":11,"3":11,"4":11,"5":11,"6":11},"f":{},"b":{}}
,"/home/driven/Desktop/Driven__t10/src/routers/events-router.ts": {"path":"/home/driven/Desktop/Driven__t10/src/routers/events-router.ts","statementMap":{"0":{"start":{"line":1,"column":0},"end":{"line":1,"column":33}},"1":{"start":{"line":2,"column":0},"end":{"line":2,"column":48}},"2":{"start":{"line":4,"column":21},"end":{"line":4,"column":29}},"3":{"start":{"line":8,"column":9},"end":{"line":8,"column":21}},"4":{"start":{"line":6,"column":0},"end":{"line":6,"column":39}}},"fnMap":{},"branchMap":{},"s":{"0":11,"1":11,"2":11,"3":11,"4":11},"f":{},"b":{}}
,"/home/driven/Desktop/Driven__t10/src/routers/hotels-router.ts": {"path":"/home/driven/Desktop/Driven__t10/src/routers/hotels-router.ts","statementMap":{"0":{"start":{"line":2,"column":0},"end":{"line":2,"column":31}},"1":{"start":{"line":3,"column":0},"end":{"line":3,"column":50}},"2":{"start":{"line":4,"column":0},"end":{"line":4,"column":63}},"3":{"start":{"line":6,"column":21},"end":{"line":9,"column":48}},"4":{"start":{"line":11,"column":12},"end":{"line":11,"column":24}}},"fnMap":{},"branchMap":{},"s":{"0":11,"1":11,"2":11,"3":11,"4":11},"f":{},"b":{}}
,"/home/driven/Desktop/Driven__t10/src/routers/index.ts": {"path":"/home/driven/Desktop/Driven__t10/src/routers/index.ts","statementMap":{"0":{"start":{"line":1,"column":0},"end":{"line":1,"column":31}},"1":{"start":{"line":2,"column":0},"end":{"line":2,"column":40}},"2":{"start":{"line":3,"column":0},"end":{"line":3,"column":32}},"3":{"start":{"line":4,"column":0},"end":{"line":4,"column":37}},"4":{"start":{"line":6,"column":0},"end":{"line":6,"column":31}},"5":{"start":{"line":7,"column":0},"end":{"line":7,"column":33}},"6":{"start":{"line":8,"column":0},"end":{"line":8,"column":32}},"7":{"start":{"line":9,"column":0},"end":{"line":9,"column":34}}},"fnMap":{},"branchMap":{},"s":{"0":11,"1":11,"2":11,"3":11,"4":11,"5":11,"6":11,"7":11},"f":{},"b":{}}
,"/home/driven/Desktop/Driven__t10/src/routers/payment-router.ts": {"path":"/home/driven/Desktop/Driven__t10/src/routers/payment-router.ts","statementMap":{"0":{"start":{"line":1,"column":0},"end":{"line":1,"column":31}},"1":{"start":{"line":2,"column":0},"end":{"line":2,"column":50}},"2":{"start":{"line":3,"column":0},"end":{"line":3,"column":65}},"3":{"start":{"line":8,"column":22},"end":{"line":9,"column":24}},"4":{"start":{"line":14,"column":8},"end":{"line":14,"column":21}},"5":{"start":{"line":10,"column":0},"end":{"line":10,"column":null}},"6":{"start":{"line":11,"column":0},"end":{"line":11,"column":null}}},"fnMap":{},"branchMap":{},"s":{"0":11,"1":11,"2":11,"3":11,"4":11,"5":11,"6":11},"f":{},"b":{}}
,"/home/driven/Desktop/Driven__t10/src/routers/ticket-routes.ts": {"path":"/home/driven/Desktop/Driven__t10/src/routers/ticket-routes.ts","statementMap":{"0":{"start":{"line":1,"column":0},"end":{"line":1,"column":31}},"1":{"start":{"line":2,"column":0},"end":{"line":2,"column":50}},"2":{"start":{"line":3,"column":0},"end":{"line":3,"column":63}},"3":{"start":{"line":7,"column":21},"end":{"line":8,"column":24}},"4":{"start":{"line":13,"column":8},"end":{"line":13,"column":20}},"5":{"start":{"line":9,"column":0},"end":{"line":9,"column":null}},"6":{"start":{"line":10,"column":0},"end":{"line":10,"column":null}},"7":{"start":{"line":11,"column":0},"end":{"line":11,"column":null}}},"fnMap":{},"branchMap":{},"s":{"0":11,"1":11,"2":11,"3":11,"4":11,"5":11,"6":11,"7":11},"f":{},"b":{}}
,"/home/driven/Desktop/Driven__t10/src/routers/users-router.ts": {"path":"/home/driven/Desktop/Driven__t10/src/routers/users-router.ts","statementMap":{"0":{"start":{"line":1,"column":0},"end":{"line":1,"column":33}},"1":{"start":{"line":3,"column":0},"end":{"line":3,"column":45}},"2":{"start":{"line":4,"column":0},"end":{"line":4,"column":45}},"3":{"start":{"line":5,"column":0},"end":{"line":5,"column":42}},"4":{"start":{"line":7,"column":20},"end":{"line":7,"column":28}},"5":{"start":{"line":11,"column":9},"end":{"line":11,"column":20}},"6":{"start":{"line":9,"column":0},"end":{"line":9,"column":65}}},"fnMap":{},"branchMap":{},"s":{"0":11,"1":11,"2":11,"3":11,"4":11,"5":11,"6":11},"f":{},"b":{}}
,"/home/driven/Desktop/Driven__t10/src/schemas/authentication-schemas.ts": {"path":"/home/driven/Desktop/Driven__t10/src/schemas/authentication-schemas.ts","statementMap":{"0":{"start":{"line":1,"column":0},"end":{"line":1,"column":22}},"1":{"start":{"line":4,"column":13},"end":{"line":7,"column":3}}},"fnMap":{},"branchMap":{},"s":{"0":14,"1":14},"f":{},"b":{}}
,"/home/driven/Desktop/Driven__t10/src/schemas/enrollments-schemas.ts": {"path":"/home/driven/Desktop/Driven__t10/src/schemas/enrollments-schemas.ts","statementMap":{"0":{"start":{"line":1,"column":0},"end":{"line":1,"column":105}},"1":{"start":{"line":2,"column":0},"end":{"line":2,"column":22}},"2":{"start":{"line":5,"column":28},"end":{"line":5,"column":87}},"3":{"start":{"line":7,"column":28},"end":{"line":7,"column":86}},"4":{"start":{"line":9,"column":36},"end":{"line":9,"column":108}},"5":{"start":{"line":11,"column":13},"end":{"line":28,"column":3}},"6":{"start":{"line":23,"column":39},"end":{"line":23,"column":45}},"7":{"start":{"line":31,"column":2},"end":{"line":31,"column":27}},"8":{"start":{"line":31,"column":14},"end":{"line":31,"column":27}},"9":{"start":{"line":33,"column":2},"end":{"line":35,"column":null}},"10":{"start":{"line":34,"column":4},"end":{"line":34,"column":40}},"11":{"start":{"line":37,"column":2},"end":{"line":37,"column":15}},"12":{"start":{"line":41,"column":2},"end":{"line":41,"column":27}},"13":{"start":{"line":41,"column":14},"end":{"line":41,"column":27}},"14":{"start":{"line":43,"column":2},"end":{"line":45,"column":null}},"15":{"start":{"line":44,"column":4},"end":{"line":44,"column":40}},"16":{"start":{"line":47,"column":2},"end":{"line":47,"column":15}},"17":{"start":{"line":51,"column":2},"end":{"line":51,"column":27}},"18":{"start":{"line":51,"column":14},"end":{"line":51,"column":27}},"19":{"start":{"line":53,"column":2},"end":{"line":55,"column":null}},"20":{"start":{"line":54,"column":4},"end":{"line":54,"column":40}},"21":{"start":{"line":57,"column":2},"end":{"line":57,"column":15}}},"fnMap":{"0":{"name":"(anonymous_1)","decl":{"start":{"line":23,"column":32},"end":{"line":23,"column":33}},"loc":{"start":{"line":23,"column":39},"end":{"line":23,"column":45}}},"1":{"name":"joiCpfValidation","decl":{"start":{"line":30,"column":9},"end":{"line":30,"column":25}},"loc":{"start":{"line":30,"column":75},"end":{"line":38,"column":1}}},"2":{"name":"JoiCepValidation","decl":{"start":{"line":40,"column":9},"end":{"line":40,"column":25}},"loc":{"start":{"line":40,"column":75},"end":{"line":48,"column":1}}},"3":{"name":"joiMobilePhoneValidation","decl":{"start":{"line":50,"column":9},"end":{"line":50,"column":33}},"loc":{"start":{"line":50,"column":83},"end":{"line":58,"column":1}}}},"branchMap":{"0":{"loc":{"start":{"line":31,"column":2},"end":{"line":31,"column":27}},"type":"if","locations":[{"start":{"line":31,"column":2},"end":{"line":31,"column":27}}]},"1":{"loc":{"start":{"line":33,"column":2},"end":{"line":35,"column":null}},"type":"if","locations":[{"start":{"line":33,"column":2},"end":{"line":35,"column":null}}]},"2":{"loc":{"start":{"line":41,"column":2},"end":{"line":41,"column":27}},"type":"if","locations":[{"start":{"line":41,"column":2},"end":{"line":41,"column":27}}]},"3":{"loc":{"start":{"line":43,"column":2},"end":{"line":45,"column":null}},"type":"if","locations":[{"start":{"line":43,"column":2},"end":{"line":45,"column":null}}]},"4":{"loc":{"start":{"line":51,"column":2},"end":{"line":51,"column":27}},"type":"if","locations":[{"start":{"line":51,"column":2},"end":{"line":51,"column":27}}]},"5":{"loc":{"start":{"line":53,"column":2},"end":{"line":55,"column":null}},"type":"if","locations":[{"start":{"line":53,"column":2},"end":{"line":55,"column":null}}]}},"s":{"0":14,"1":14,"2":14,"3":14,"4":14,"5":14,"6":378,"7":29,"8":0,"9":29,"10":1,"11":28,"12":19,"13":0,"14":19,"15":1,"16":18,"17":23,"18":0,"19":23,"20":0,"21":23},"f":{"0":378,"1":29,"2":19,"3":23},"b":{"0":[0],"1":[1],"2":[0],"3":[1],"4":[0],"5":[0]}}
,"/home/driven/Desktop/Driven__t10/src/schemas/index.ts": {"path":"/home/driven/Desktop/Driven__t10/src/schemas/index.ts","statementMap":{"0":{"start":{"line":1,"column":0},"end":{"line":1,"column":32}},"1":{"start":{"line":2,"column":0},"end":{"line":2,"column":41}},"2":{"start":{"line":3,"column":0},"end":{"line":3,"column":38}}},"fnMap":{},"branchMap":{},"s":{"0":14,"1":14,"2":14},"f":{},"b":{}}
,"/home/driven/Desktop/Driven__t10/src/schemas/tickets-schemas.ts": {"path":"/home/driven/Desktop/Driven__t10/src/schemas/tickets-schemas.ts","statementMap":{"0":{"start":{"line":1,"column":0},"end":{"line":1,"column":22}},"1":{"start":{"line":5,"column":13},"end":{"line":7,"column":3}}},"fnMap":{},"branchMap":{},"s":{"0":0,"1":0},"f":{},"b":{}}
,"/home/driven/Desktop/Driven__t10/src/schemas/users-schemas.ts": {"path":"/home/driven/Desktop/Driven__t10/src/schemas/users-schemas.ts","statementMap":{"0":{"start":{"line":1,"column":0},"end":{"line":1,"column":22}},"1":{"start":{"line":4,"column":13},"end":{"line":7,"column":3}}},"fnMap":{},"branchMap":{},"s":{"0":14,"1":14},"f":{},"b":{}}
,"/home/driven/Desktop/Driven__t10/src/services/index.ts": {"path":"/home/driven/Desktop/Driven__t10/src/services/index.ts","statementMap":{"0":{"start":{"line":1,"column":0},"end":{"line":1,"column":32}},"1":{"start":{"line":2,"column":0},"end":{"line":2,"column":41}},"2":{"start":{"line":3,"column":0},"end":{"line":3,"column":33}},"3":{"start":{"line":4,"column":0},"end":{"line":4,"column":38}}},"fnMap":{},"branchMap":{},"s":{"0":0,"1":0,"2":0,"3":0},"f":{},"b":{}}
,"/home/driven/Desktop/Driven__t10/src/services/authentication-service/errors.ts": {"path":"/home/driven/Desktop/Driven__t10/src/services/authentication-service/errors.ts","statementMap":{"0":{"start":{"line":4,"column":2},"end":{"line":7,"column":4}},"1":{"start":{"line":3,"column":0},"end":{"line":3,"column":16}}},"fnMap":{"0":{"name":"invalidCredentialsError","decl":{"start":{"line":3,"column":16},"end":{"line":3,"column":39}},"loc":{"start":{"line":3,"column":39},"end":{"line":8,"column":1}}}},"branchMap":{},"s":{"0":6,"1":11},"f":{"0":6},"b":{}}
,"/home/driven/Desktop/Driven__t10/src/services/authentication-service/index.ts": {"path":"/home/driven/Desktop/Driven__t10/src/services/authentication-service/index.ts","statementMap":{"0":{"start":{"line":2,"column":0},"end":{"line":2,"column":28}},"1":{"start":{"line":3,"column":0},"end":{"line":3,"column":31}},"2":{"start":{"line":4,"column":0},"end":{"line":4,"column":51}},"3":{"start":{"line":5,"column":0},"end":{"line":5,"column":47}},"4":{"start":{"line":6,"column":0},"end":{"line":6,"column":60}},"5":{"start":{"line":7,"column":0},"end":{"line":7,"column":66}},"6":{"start":{"line":10,"column":30},"end":{"line":10,"column":36}},"7":{"start":{"line":12,"column":15},"end":{"line":12,"column":41}},"8":{"start":{"line":14,"column":2},"end":{"line":14,"column":56}},"9":{"start":{"line":16,"column":16},"end":{"line":16,"column":44}},"10":{"start":{"line":18,"column":2},"end":{"line":21,"column":4}},"11":{"start":{"line":25,"column":15},"end":{"line":25,"column":97}},"12":{"start":{"line":26,"column":2},"end":{"line":26,"column":45}},"13":{"start":{"line":26,"column":13},"end":{"line":26,"column":45}},"14":{"start":{"line":28,"column":2},"end":{"line":28,"column":14}},"15":{"start":{"line":32,"column":16},"end":{"line":32,"column":60}},"16":{"start":{"line":33,"column":2},"end":{"line":36,"column":5}},"17":{"start":{"line":38,"column":2},"end":{"line":38,"column":15}},"18":{"start":{"line":42,"column":26},"end":{"line":42,"column":70}},"19":{"start":{"line":43,"column":2},"end":{"line":43,"column":56}},"20":{"start":{"line":43,"column":24},"end":{"line":43,"column":56}},"21":{"start":{"line":55,"column":30},"end":{"line":57,"column":2}},"22":{"start":{"line":59,"column":0},"end":{"line":59,"column":37}},"23":{"start":{"line":60,"column":0},"end":{"line":60,"column":25}}},"fnMap":{"0":{"name":"signIn","decl":{"start":{"line":9,"column":15},"end":{"line":9,"column":21}},"loc":{"start":{"line":9,"column":42},"end":{"line":22,"column":1}}},"1":{"name":"getUserOrFail","decl":{"start":{"line":24,"column":15},"end":{"line":24,"column":28}},"loc":{"start":{"line":24,"column":42},"end":{"line":29,"column":1}}},"2":{"name":"createSession","decl":{"start":{"line":31,"column":15},"end":{"line":31,"column":28}},"loc":{"start":{"line":31,"column":43},"end":{"line":39,"column":1}}},"3":{"name":"validatePasswordOrFail","decl":{"start":{"line":41,"column":15},"end":{"line":41,"column":37}},"loc":{"start":{"line":41,"column":76},"end":{"line":44,"column":1}}}},"branchMap":{"0":{"loc":{"start":{"line":26,"column":2},"end":{"line":26,"column":45}},"type":"if","locations":[{"start":{"line":26,"column":2},"end":{"line":26,"column":45}}]},"1":{"loc":{"start":{"line":43,"column":2},"end":{"line":43,"column":56}},"type":"if","locations":[{"start":{"line":43,"column":2},"end":{"line":43,"column":56}}]}},"s":{"0":11,"1":11,"2":11,"3":11,"4":11,"5":11,"6":9,"7":9,"8":7,"9":5,"10":5,"11":9,"12":9,"13":2,"14":7,"15":5,"16":5,"17":5,"18":7,"19":7,"20":2,"21":11,"22":11,"23":11},"f":{"0":9,"1":9,"2":5,"3":7},"b":{"0":[2],"1":[2]}}
,"/home/driven/Desktop/Driven__t10/src/services/bookings-service/index.ts": {"path":"/home/driven/Desktop/Driven__t10/src/services/bookings-service/index.ts","statementMap":{"0":{"start":{"line":1,"column":0},"end":{"line":1,"column":45}},"1":{"start":{"line":2,"column":0},"end":{"line":2,"column":46}},"2":{"start":{"line":3,"column":0},"end":{"line":3,"column":72}},"3":{"start":{"line":4,"column":0},"end":{"line":4,"column":76}},"4":{"start":{"line":5,"column":0},"end":{"line":5,"column":68}},"5":{"start":{"line":6,"column":0},"end":{"line":6,"column":68}},"6":{"start":{"line":9,"column":23},"end":{"line":9,"column":81}},"7":{"start":{"line":10,"column":4},"end":{"line":10,"column":43}},"8":{"start":{"line":10,"column":21},"end":{"line":10,"column":43}},"9":{"start":{"line":12,"column":20},"end":{"line":12,"column":72}},"10":{"start":{"line":13,"column":4},"end":{"line":13,"column":39}},"11":{"start":{"line":13,"column":17},"end":{"line":13,"column":39}},"12":{"start":{"line":14,"column":4},"end":{"line":14,"column":null}},"13":{"start":{"line":18,"column":23},"end":{"line":18,"column":81}},"14":{"start":{"line":19,"column":4},"end":{"line":19,"column":43}},"15":{"start":{"line":19,"column":21},"end":{"line":19,"column":43}},"16":{"start":{"line":21,"column":19},"end":{"line":21,"column":73}},"17":{"start":{"line":22,"column":4},"end":{"line":22,"column":null}},"18":{"start":{"line":22,"column":34},"end":{"line":22,"column":null}},"19":{"start":{"line":24,"column":30},"end":{"line":24,"column":81}},"20":{"start":{"line":24,"column":52},"end":{"line":24,"column":80}},"21":{"start":{"line":25,"column":28},"end":{"line":25,"column":77}},"22":{"start":{"line":25,"column":50},"end":{"line":25,"column":76}},"23":{"start":{"line":26,"column":32},"end":{"line":26,"column":86}},"24":{"start":{"line":26,"column":54},"end":{"line":26,"column":85}},"25":{"start":{"line":28,"column":4},"end":{"line":30,"column":null}},"26":{"start":{"line":29,"column":8},"end":{"line":29,"column":32}},"27":{"start":{"line":32,"column":17},"end":{"line":32,"column":56}},"28":{"start":{"line":33,"column":4},"end":{"line":33,"column":36}},"29":{"start":{"line":33,"column":14},"end":{"line":33,"column":36}},"30":{"start":{"line":35,"column":28},"end":{"line":35,"column":76}},"31":{"start":{"line":36,"column":4},"end":{"line":36,"column":75}},"32":{"start":{"line":36,"column":52},"end":{"line":36,"column":75}},"33":{"start":{"line":38,"column":3},"end":{"line":38,"column":64}},"34":{"start":{"line":42,"column":20},"end":{"line":42,"column":72}},"35":{"start":{"line":43,"column":4},"end":{"line":43,"column":68}},"36":{"start":{"line":43,"column":45},"end":{"line":43,"column":68}},"37":{"start":{"line":45,"column":17},"end":{"line":45,"column":56}},"38":{"start":{"line":46,"column":4},"end":{"line":46,"column":36}},"39":{"start":{"line":46,"column":14},"end":{"line":46,"column":36}},"40":{"start":{"line":48,"column":27},"end":{"line":48,"column":75}},"41":{"start":{"line":49,"column":4},"end":{"line":49,"column":75}},"42":{"start":{"line":49,"column":52},"end":{"line":49,"column":75}},"43":{"start":{"line":52,"column":23},"end":{"line":56,"column":null}},"44":{"start":{"line":58,"column":0},"end":{"line":58,"column":null}}},"fnMap":{"0":{"name":"findBooking","decl":{"start":{"line":8,"column":15},"end":{"line":8,"column":26}},"loc":{"start":{"line":8,"column":40},"end":{"line":15,"column":1}}},"1":{"name":"createBooking","decl":{"start":{"line":17,"column":15},"end":{"line":17,"column":28}},"loc":{"start":{"line":17,"column":56},"end":{"line":39,"column":1}}},"2":{"name":"(anonymous_3)","decl":{"start":{"line":24,"column":42},"end":{"line":24,"column":48}},"loc":{"start":{"line":24,"column":52},"end":{"line":24,"column":80}}},"3":{"name":"(anonymous_4)","decl":{"start":{"line":25,"column":40},"end":{"line":25,"column":46}},"loc":{"start":{"line":25,"column":50},"end":{"line":25,"column":76}}},"4":{"name":"(anonymous_5)","decl":{"start":{"line":26,"column":44},"end":{"line":26,"column":50}},"loc":{"start":{"line":26,"column":54},"end":{"line":26,"column":85}}},"5":{"name":"updateBooking","decl":{"start":{"line":40,"column":15},"end":{"line":40,"column":28}},"loc":{"start":{"line":40,"column":75},"end":{"line":51,"column":1}}}},"branchMap":{"0":{"loc":{"start":{"line":10,"column":4},"end":{"line":10,"column":43}},"type":"if","locations":[{"start":{"line":10,"column":4},"end":{"line":10,"column":43}}]},"1":{"loc":{"start":{"line":13,"column":4},"end":{"line":13,"column":39}},"type":"if","locations":[{"start":{"line":13,"column":4},"end":{"line":13,"column":39}}]},"2":{"loc":{"start":{"line":19,"column":4},"end":{"line":19,"column":43}},"type":"if","locations":[{"start":{"line":19,"column":4},"end":{"line":19,"column":43}}]},"3":{"loc":{"start":{"line":22,"column":4},"end":{"line":22,"column":null}},"type":"if","locations":[{"start":{"line":22,"column":4},"end":{"line":22,"column":null}}]},"4":{"loc":{"start":{"line":22,"column":7},"end":{"line":22,"column":32}},"type":"binary-expr","locations":[{"start":{"line":22,"column":7},"end":{"line":22,"column":14}},{"start":{"line":22,"column":18},"end":{"line":22,"column":32}}]},"5":{"loc":{"start":{"line":28,"column":4},"end":{"line":30,"column":null}},"type":"if","locations":[{"start":{"line":28,"column":4},"end":{"line":30,"column":null}}]},"6":{"loc":{"start":{"line":28,"column":7},"end":{"line":28,"column":67}},"type":"binary-expr","locations":[{"start":{"line":28,"column":7},"end":{"line":28,"column":24}},{"start":{"line":28,"column":28},"end":{"line":28,"column":43}},{"start":{"line":28,"column":47},"end":{"line":28,"column":67}}]},"7":{"loc":{"start":{"line":33,"column":4},"end":{"line":33,"column":36}},"type":"if","locations":[{"start":{"line":33,"column":4},"end":{"line":33,"column":36}}]},"8":{"loc":{"start":{"line":36,"column":4},"end":{"line":36,"column":75}},"type":"if","locations":[{"start":{"line":36,"column":4},"end":{"line":36,"column":75}}]},"9":{"loc":{"start":{"line":43,"column":4},"end":{"line":43,"column":68}},"type":"if","locations":[{"start":{"line":43,"column":4},"end":{"line":43,"column":68}}]},"10":{"loc":{"start":{"line":43,"column":7},"end":{"line":43,"column":43}},"type":"binary-expr","locations":[{"start":{"line":43,"column":7},"end":{"line":43,"column":15}},{"start":{"line":43,"column":19},"end":{"line":43,"column":43}}]},"11":{"loc":{"start":{"line":46,"column":4},"end":{"line":46,"column":36}},"type":"if","locations":[{"start":{"line":46,"column":4},"end":{"line":46,"column":36}}]},"12":{"loc":{"start":{"line":49,"column":4},"end":{"line":49,"column":75}},"type":"if","locations":[{"start":{"line":49,"column":4},"end":{"line":49,"column":75}}]}},"s":{"0":11,"1":11,"2":11,"3":11,"4":11,"5":11,"6":0,"7":0,"8":0,"9":0,"10":0,"11":0,"12":0,"13":0,"14":0,"15":0,"16":0,"17":0,"18":0,"19":0,"20":0,"21":0,"22":0,"23":0,"24":0,"25":0,"26":0,"27":0,"28":0,"29":0,"30":0,"31":0,"32":0,"33":0,"34":0,"35":0,"36":0,"37":0,"38":0,"39":0,"40":0,"41":0,"42":0,"43":11,"44":11},"f":{"0":0,"1":0,"2":0,"3":0,"4":0,"5":0},"b":{"0":[0],"1":[0],"2":[0],"3":[0],"4":[0,0],"5":[0],"6":[0,0,0],"7":[0],"8":[0],"9":[0],"10":[0,0],"11":[0],"12":[0]}}
,"/home/driven/Desktop/Driven__t10/src/services/enrollments-service/index.ts": {"path":"/home/driven/Desktop/Driven__t10/src/services/enrollments-service/index.ts","statementMap":{"0":{"start":{"line":2,"column":0},"end":{"line":2,"column":42}},"1":{"start":{"line":3,"column":0},"end":{"line":3,"column":41}},"2":{"start":{"line":4,"column":0},"end":{"line":4,"column":91}},"3":{"start":{"line":5,"column":0},"end":{"line":5,"column":100}},"4":{"start":{"line":6,"column":0},"end":{"line":6,"column":47}},"5":{"start":{"line":10,"column":17},"end":{"line":10,"column":77}},"6":{"start":{"line":12,"column":2},"end":{"line":14,"column":null}},"7":{"start":{"line":13,"column":4},"end":{"line":13,"column":26}},"8":{"start":{"line":16,"column":62},"end":{"line":16,"column":73}},"9":{"start":{"line":18,"column":37},"end":{"line":24,"column":4}},"10":{"start":{"line":26,"column":2},"end":{"line":26,"column":17}},"11":{"start":{"line":30,"column":32},"end":{"line":30,"column":90}},"12":{"start":{"line":32,"column":2},"end":{"line":32,"column":52}},"13":{"start":{"line":32,"column":30},"end":{"line":32,"column":52}},"14":{"start":{"line":34,"column":25},"end":{"line":34,"column":54}},"15":{"start":{"line":35,"column":18},"end":{"line":35,"column":47}},"16":{"start":{"line":37,"column":2},"end":{"line":40,"column":4}},"17":{"start":{"line":46,"column":2},"end":{"line":46,"column":33}},"18":{"start":{"line":46,"column":21},"end":{"line":46,"column":33}},"19":{"start":{"line":48,"column":2},"end":{"line":48,"column":73}},"20":{"start":{"line":54,"column":21},"end":{"line":54,"column":47}},"21":{"start":{"line":55,"column":18},"end":{"line":55,"column":53}},"22":{"start":{"line":57,"column":2},"end":{"line":57,"column":39}},"23":{"start":{"line":59,"column":24},"end":{"line":59,"column":115}},"24":{"start":{"line":61,"column":2},"end":{"line":61,"column":69}},"25":{"start":{"line":65,"column":2},"end":{"line":68,"column":4}},"26":{"start":{"line":75,"column":27},"end":{"line":79,"column":2}},"27":{"start":{"line":82,"column":0},"end":{"line":82,"column":34}}},"fnMap":{"0":{"name":"getAddressFromCEP","decl":{"start":{"line":9,"column":15},"end":{"line":9,"column":32}},"loc":{"start":{"line":9,"column":44},"end":{"line":27,"column":1}}},"1":{"name":"getOneWithAddressByUserId","decl":{"start":{"line":29,"column":15},"end":{"line":29,"column":40}},"loc":{"start":{"line":29,"column":55},"end":{"line":41,"column":1}}},"2":{"name":"getFirstAddress","decl":{"start":{"line":45,"column":9},"end":{"line":45,"column":24}},"loc":{"start":{"line":45,"column":46},"end":{"line":49,"column":1}}},"3":{"name":"createOrUpdateEnrollmentWithAddress","decl":{"start":{"line":53,"column":15},"end":{"line":53,"column":50}},"loc":{"start":{"line":53,"column":94},"end":{"line":62,"column":1}}},"4":{"name":"getAddressForUpsert","decl":{"start":{"line":64,"column":9},"end":{"line":64,"column":28}},"loc":{"start":{"line":64,"column":57},"end":{"line":69,"column":1}}}},"branchMap":{"0":{"loc":{"start":{"line":12,"column":2},"end":{"line":14,"column":null}},"type":"if","locations":[{"start":{"line":12,"column":2},"end":{"line":14,"column":null}}]},"1":{"loc":{"start":{"line":12,"column":6},"end":{"line":12,"column":38}},"type":"binary-expr","locations":[{"start":{"line":12,"column":6},"end":{"line":12,"column":18}},{"start":{"line":12,"column":22},"end":{"line":12,"column":38}}]},"2":{"loc":{"start":{"line":32,"column":2},"end":{"line":32,"column":52}},"type":"if","locations":[{"start":{"line":32,"column":2},"end":{"line":32,"column":52}}]},"3":{"loc":{"start":{"line":39,"column":8},"end":{"line":39,"column":32}},"type":"binary-expr","locations":[{"start":{"line":39,"column":8},"end":{"line":39,"column":17}},{"start":{"line":39,"column":21},"end":{"line":39,"column":32}}]},"4":{"loc":{"start":{"line":46,"column":2},"end":{"line":46,"column":33}},"type":"if","locations":[{"start":{"line":46,"column":2},"end":{"line":46,"column":33}}]},"5":{"loc":{"start":{"line":67,"column":8},"end":{"line":67,"column":74}},"type":"binary-expr","locations":[{"start":{"line":67,"column":8},"end":{"line":67,"column":30}},{"start":{"line":67,"column":34},"end":{"line":67,"column":74}}]}},"s":{"0":11,"1":11,"2":11,"3":11,"4":11,"5":4,"6":4,"7":1,"8":3,"9":3,"10":3,"11":2,"12":2,"13":1,"14":1,"15":1,"16":1,"17":1,"18":0,"19":1,"20":2,"21":2,"22":2,"23":2,"24":2,"25":2,"26":11,"27":11},"f":{"0":4,"1":2,"2":1,"3":2,"4":2},"b":{"0":[1],"1":[4,3],"2":[1],"3":[1,1],"4":[0],"5":[2,2]}}
,"/home/driven/Desktop/Driven__t10/src/services/events-service/index.ts": {"path":"/home/driven/Desktop/Driven__t10/src/services/events-service/index.ts","statementMap":{"0":{"start":{"line":2,"column":0},"end":{"line":2,"column":26}},"1":{"start":{"line":3,"column":0},"end":{"line":3,"column":41}},"2":{"start":{"line":4,"column":0},"end":{"line":4,"column":62}},"3":{"start":{"line":5,"column":0},"end":{"line":5,"column":47}},"4":{"start":{"line":8,"column":16},"end":{"line":8,"column":49}},"5":{"start":{"line":9,"column":2},"end":{"line":9,"column":36}},"6":{"start":{"line":9,"column":14},"end":{"line":9,"column":36}},"7":{"start":{"line":11,"column":2},"end":{"line":11,"column":50}},"8":{"start":{"line":17,"column":16},"end":{"line":17,"column":49}},"9":{"start":{"line":18,"column":2},"end":{"line":18,"column":27}},"10":{"start":{"line":18,"column":14},"end":{"line":18,"column":27}},"11":{"start":{"line":20,"column":14},"end":{"line":20,"column":21}},"12":{"start":{"line":21,"column":24},"end":{"line":21,"column":45}},"13":{"start":{"line":22,"column":22},"end":{"line":22,"column":41}},"14":{"start":{"line":24,"column":2},"end":{"line":24,"column":65}},"15":{"start":{"line":27,"column":22},"end":{"line":30,"column":2}},"16":{"start":{"line":32,"column":0},"end":{"line":32,"column":29}}},"fnMap":{"0":{"name":"getFirstEvent","decl":{"start":{"line":7,"column":15},"end":{"line":7,"column":28}},"loc":{"start":{"line":7,"column":28},"end":{"line":12,"column":1}}},"1":{"name":"isCurrentEventActive","decl":{"start":{"line":16,"column":15},"end":{"line":16,"column":35}},"loc":{"start":{"line":16,"column":35},"end":{"line":25,"column":1}}}},"branchMap":{"0":{"loc":{"start":{"line":9,"column":2},"end":{"line":9,"column":36}},"type":"if","locations":[{"start":{"line":9,"column":2},"end":{"line":9,"column":36}}]},"1":{"loc":{"start":{"line":18,"column":2},"end":{"line":18,"column":27}},"type":"if","locations":[{"start":{"line":18,"column":2},"end":{"line":18,"column":27}}]},"2":{"loc":{"start":{"line":24,"column":9},"end":{"line":24,"column":64}},"type":"binary-expr","locations":[{"start":{"line":24,"column":9},"end":{"line":24,"column":35}},{"start":{"line":24,"column":39},"end":{"line":24,"column":64}}]}},"s":{"0":11,"1":11,"2":11,"3":11,"4":2,"5":2,"6":1,"7":1,"8":9,"9":9,"10":1,"11":8,"12":8,"13":8,"14":8,"15":11,"16":11},"f":{"0":2,"1":9},"b":{"0":[1],"1":[1],"2":[8,7]}}
,"/home/driven/Desktop/Driven__t10/src/services/hotels-service/index.ts": {"path":"/home/driven/Desktop/Driven__t10/src/services/hotels-service/index.ts","statementMap":{"0":{"start":{"line":2,"column":0},"end":{"line":2,"column":68}},"1":{"start":{"line":3,"column":0},"end":{"line":3,"column":45}},"2":{"start":{"line":4,"column":0},"end":{"line":4,"column":76}},"3":{"start":{"line":5,"column":0},"end":{"line":5,"column":68}},"4":{"start":{"line":6,"column":0},"end":{"line":6,"column":66}},"5":{"start":{"line":11,"column":23},"end":{"line":11,"column":81}},"6":{"start":{"line":12,"column":4},"end":{"line":12,"column":43}},"7":{"start":{"line":12,"column":21},"end":{"line":12,"column":43}},"8":{"start":{"line":14,"column":19},"end":{"line":14,"column":73}},"9":{"start":{"line":15,"column":4},"end":{"line":15,"column":null}},"10":{"start":{"line":15,"column":39},"end":{"line":15,"column":null}},"11":{"start":{"line":17,"column":30},"end":{"line":17,"column":81}},"12":{"start":{"line":17,"column":52},"end":{"line":17,"column":80}},"13":{"start":{"line":18,"column":28},"end":{"line":18,"column":77}},"14":{"start":{"line":18,"column":50},"end":{"line":18,"column":76}},"15":{"start":{"line":19,"column":32},"end":{"line":19,"column":86}},"16":{"start":{"line":19,"column":54},"end":{"line":19,"column":85}},"17":{"start":{"line":21,"column":2},"end":{"line":23,"column":null}},"18":{"start":{"line":22,"column":4},"end":{"line":22,"column":33}},"19":{"start":{"line":24,"column":20},"end":{"line":24,"column":54}},"20":{"start":{"line":25,"column":4},"end":{"line":25,"column":61}},"21":{"start":{"line":25,"column":39},"end":{"line":25,"column":61}},"22":{"start":{"line":26,"column":4},"end":{"line":26,"column":18}},"23":{"start":{"line":30,"column":23},"end":{"line":30,"column":81}},"24":{"start":{"line":31,"column":4},"end":{"line":31,"column":43}},"25":{"start":{"line":31,"column":21},"end":{"line":31,"column":43}},"26":{"start":{"line":33,"column":19},"end":{"line":33,"column":73}},"27":{"start":{"line":34,"column":4},"end":{"line":34,"column":null}},"28":{"start":{"line":34,"column":38},"end":{"line":34,"column":null}},"29":{"start":{"line":36,"column":30},"end":{"line":36,"column":81}},"30":{"start":{"line":36,"column":52},"end":{"line":36,"column":80}},"31":{"start":{"line":37,"column":28},"end":{"line":37,"column":77}},"32":{"start":{"line":37,"column":50},"end":{"line":37,"column":76}},"33":{"start":{"line":38,"column":32},"end":{"line":38,"column":86}},"34":{"start":{"line":38,"column":54},"end":{"line":38,"column":85}},"35":{"start":{"line":40,"column":2},"end":{"line":42,"column":null}},"36":{"start":{"line":41,"column":4},"end":{"line":41,"column":33}},"37":{"start":{"line":43,"column":19},"end":{"line":43,"column":59}},"38":{"start":{"line":44,"column":4},"end":{"line":44,"column":38}},"39":{"start":{"line":44,"column":16},"end":{"line":44,"column":38}},"40":{"start":{"line":45,"column":4},"end":{"line":45,"column":null}},"41":{"start":{"line":47,"column":21},"end":{"line":50,"column":null}},"42":{"start":{"line":52,"column":0},"end":{"line":52,"column":null}}},"fnMap":{"0":{"name":"getAllHotels","decl":{"start":{"line":10,"column":15},"end":{"line":10,"column":27}},"loc":{"start":{"line":10,"column":42},"end":{"line":27,"column":1}}},"1":{"name":"(anonymous_2)","decl":{"start":{"line":17,"column":42},"end":{"line":17,"column":48}},"loc":{"start":{"line":17,"column":52},"end":{"line":17,"column":80}}},"2":{"name":"(anonymous_3)","decl":{"start":{"line":18,"column":40},"end":{"line":18,"column":46}},"loc":{"start":{"line":18,"column":50},"end":{"line":18,"column":76}}},"3":{"name":"(anonymous_4)","decl":{"start":{"line":19,"column":44},"end":{"line":19,"column":50}},"loc":{"start":{"line":19,"column":54},"end":{"line":19,"column":85}}},"4":{"name":"getRoomsByHotel","decl":{"start":{"line":29,"column":15},"end":{"line":29,"column":30}},"loc":{"start":{"line":29,"column":61},"end":{"line":46,"column":1}}},"5":{"name":"(anonymous_6)","decl":{"start":{"line":36,"column":42},"end":{"line":36,"column":48}},"loc":{"start":{"line":36,"column":52},"end":{"line":36,"column":80}}},"6":{"name":"(anonymous_7)","decl":{"start":{"line":37,"column":40},"end":{"line":37,"column":46}},"loc":{"start":{"line":37,"column":50},"end":{"line":37,"column":76}}},"7":{"name":"(anonymous_8)","decl":{"start":{"line":38,"column":44},"end":{"line":38,"column":50}},"loc":{"start":{"line":38,"column":54},"end":{"line":38,"column":85}}}},"branchMap":{"0":{"loc":{"start":{"line":12,"column":4},"end":{"line":12,"column":43}},"type":"if","locations":[{"start":{"line":12,"column":4},"end":{"line":12,"column":43}}]},"1":{"loc":{"start":{"line":15,"column":4},"end":{"line":15,"column":null}},"type":"if","locations":[{"start":{"line":15,"column":4},"end":{"line":15,"column":null}}]},"2":{"loc":{"start":{"line":15,"column":7},"end":{"line":15,"column":37}},"type":"binary-expr","locations":[{"start":{"line":15,"column":7},"end":{"line":15,"column":14}},{"start":{"line":15,"column":18},"end":{"line":15,"column":37}}]},"3":{"loc":{"start":{"line":21,"column":2},"end":{"line":23,"column":null}},"type":"if","locations":[{"start":{"line":21,"column":2},"end":{"line":23,"column":null}}]},"4":{"loc":{"start":{"line":21,"column":6},"end":{"line":21,"column":66}},"type":"binary-expr","locations":[{"start":{"line":21,"column":6},"end":{"line":21,"column":23}},{"start":{"line":21,"column":27},"end":{"line":21,"column":42}},{"start":{"line":21,"column":46},"end":{"line":21,"column":66}}]},"5":{"loc":{"start":{"line":25,"column":4},"end":{"line":25,"column":61}},"type":"if","locations":[{"start":{"line":25,"column":4},"end":{"line":25,"column":61}}]},"6":{"loc":{"start":{"line":25,"column":8},"end":{"line":25,"column":37}},"type":"binary-expr","locations":[{"start":{"line":25,"column":8},"end":{"line":25,"column":15}},{"start":{"line":25,"column":18},"end":{"line":25,"column":37}}]},"7":{"loc":{"start":{"line":31,"column":4},"end":{"line":31,"column":43}},"type":"if","locations":[{"start":{"line":31,"column":4},"end":{"line":31,"column":43}}]},"8":{"loc":{"start":{"line":34,"column":4},"end":{"line":34,"column":null}},"type":"if","locations":[{"start":{"line":34,"column":4},"end":{"line":34,"column":null}}]},"9":{"loc":{"start":{"line":34,"column":7},"end":{"line":34,"column":36}},"type":"binary-expr","locations":[{"start":{"line":34,"column":7},"end":{"line":34,"column":14}},{"start":{"line":34,"column":17},"end":{"line":34,"column":36}}]},"10":{"loc":{"start":{"line":40,"column":2},"end":{"line":42,"column":null}},"type":"if","locations":[{"start":{"line":40,"column":2},"end":{"line":42,"column":null}}]},"11":{"loc":{"start":{"line":40,"column":6},"end":{"line":40,"column":66}},"type":"binary-expr","locations":[{"start":{"line":40,"column":6},"end":{"line":40,"column":23}},{"start":{"line":40,"column":27},"end":{"line":40,"column":42}},{"start":{"line":40,"column":46},"end":{"line":40,"column":66}}]},"12":{"loc":{"start":{"line":44,"column":4},"end":{"line":44,"column":38}},"type":"if","locations":[{"start":{"line":44,"column":4},"end":{"line":44,"column":38}}]}},"s":{"0":11,"1":11,"2":11,"3":11,"4":11,"5":6,"6":6,"7":1,"8":5,"9":5,"10":1,"11":4,"12":4,"13":4,"14":4,"15":4,"16":4,"17":4,"18":2,"19":2,"20":2,"21":1,"22":1,"23":2,"24":2,"25":0,"26":2,"27":2,"28":0,"29":2,"30":2,"31":2,"32":2,"33":2,"34":2,"35":2,"36":0,"37":2,"38":1,"39":0,"40":1,"41":11,"42":11},"f":{"0":6,"1":4,"2":4,"3":4,"4":2,"5":2,"6":2,"7":2},"b":{"0":[1],"1":[1],"2":[5,5],"3":[2],"4":[4,3,2],"5":[1],"6":[2,2],"7":[0],"8":[0],"9":[2,2],"10":[0],"11":[2,2,2],"12":[0]}}
,"/home/driven/Desktop/Driven__t10/src/services/payment-serice/index.ts": {"path":"/home/driven/Desktop/Driven__t10/src/services/payment-serice/index.ts","statementMap":{"0":{"start":{"line":1,"column":0},"end":{"line":1,"column":63}},"1":{"start":{"line":2,"column":0},"end":{"line":2,"column":75}},"2":{"start":{"line":3,"column":0},"end":{"line":3,"column":69}},"3":{"start":{"line":4,"column":0},"end":{"line":4,"column":67}},"4":{"start":{"line":8,"column":19},"end":{"line":8,"column":65}},"5":{"start":{"line":9,"column":4},"end":{"line":9,"column":null}},"6":{"start":{"line":9,"column":16},"end":{"line":9,"column":null}},"7":{"start":{"line":10,"column":22},"end":{"line":10,"column":80}},"8":{"start":{"line":11,"column":4},"end":{"line":11,"column":44}},"9":{"start":{"line":11,"column":22},"end":{"line":11,"column":44}},"10":{"start":{"line":12,"column":4},"end":{"line":12,"column":73}},"11":{"start":{"line":12,"column":47},"end":{"line":12,"column":73}},"12":{"start":{"line":13,"column":19},"end":{"line":13,"column":73}},"13":{"start":{"line":15,"column":3},"end":{"line":15,"column":18}},"14":{"start":{"line":20,"column":17},"end":{"line":20,"column":68}},"15":{"start":{"line":21,"column":2},"end":{"line":21,"column":null}},"16":{"start":{"line":21,"column":14},"end":{"line":21,"column":null}},"17":{"start":{"line":22,"column":21},"end":{"line":22,"column":79}},"18":{"start":{"line":23,"column":2},"end":{"line":23,"column":43}},"19":{"start":{"line":23,"column":21},"end":{"line":23,"column":43}},"20":{"start":{"line":24,"column":2},"end":{"line":24,"column":71}},"21":{"start":{"line":24,"column":45},"end":{"line":24,"column":71}},"22":{"start":{"line":26,"column":18},"end":{"line":26,"column":96}},"23":{"start":{"line":28,"column":0},"end":{"line":28,"column":null}},"24":{"start":{"line":30,"column":23},"end":{"line":33,"column":null}},"25":{"start":{"line":35,"column":0},"end":{"line":35,"column":30}}},"fnMap":{"0":{"name":"getPayment","decl":{"start":{"line":7,"column":15},"end":{"line":7,"column":25}},"loc":{"start":{"line":7,"column":56},"end":{"line":16,"column":1}}},"1":{"name":"createPayment","decl":{"start":{"line":18,"column":15},"end":{"line":18,"column":28}},"loc":{"start":{"line":18,"column":106},"end":{"line":29,"column":1}}}},"branchMap":{"0":{"loc":{"start":{"line":9,"column":4},"end":{"line":9,"column":null}},"type":"if","locations":[{"start":{"line":9,"column":4},"end":{"line":9,"column":null}}]},"1":{"loc":{"start":{"line":11,"column":4},"end":{"line":11,"column":44}},"type":"if","locations":[{"start":{"line":11,"column":4},"end":{"line":11,"column":44}}]},"2":{"loc":{"start":{"line":12,"column":4},"end":{"line":12,"column":73}},"type":"if","locations":[{"start":{"line":12,"column":4},"end":{"line":12,"column":73}}]},"3":{"loc":{"start":{"line":21,"column":2},"end":{"line":21,"column":null}},"type":"if","locations":[{"start":{"line":21,"column":2},"end":{"line":21,"column":null}}]},"4":{"loc":{"start":{"line":23,"column":2},"end":{"line":23,"column":43}},"type":"if","locations":[{"start":{"line":23,"column":2},"end":{"line":23,"column":43}}]},"5":{"loc":{"start":{"line":24,"column":2},"end":{"line":24,"column":71}},"type":"if","locations":[{"start":{"line":24,"column":2},"end":{"line":24,"column":71}}]}},"s":{"0":11,"1":11,"2":11,"3":11,"4":3,"5":3,"6":1,"7":2,"8":2,"9":0,"10":2,"11":1,"12":1,"13":1,"14":5,"15":5,"16":1,"17":4,"18":4,"19":0,"20":4,"21":1,"22":3,"23":3,"24":11,"25":11},"f":{"0":3,"1":5},"b":{"0":[1],"1":[0],"2":[1],"3":[1],"4":[0],"5":[1]}}
,"/home/driven/Desktop/Driven__t10/src/services/ticket-service.ts/index.ts": {"path":"/home/driven/Desktop/Driven__t10/src/services/ticket-service.ts/index.ts","statementMap":{"0":{"start":{"line":1,"column":0},"end":{"line":1,"column":45}},"1":{"start":{"line":2,"column":0},"end":{"line":2,"column":76}},"2":{"start":{"line":3,"column":0},"end":{"line":3,"column":68}},"3":{"start":{"line":5,"column":16},"end":{"line":5,"column":67}},"4":{"start":{"line":6,"column":1},"end":{"line":6,"column":36}},"5":{"start":{"line":6,"column":14},"end":{"line":6,"column":36}},"6":{"start":{"line":8,"column":1},"end":{"line":8,"column":15}},"7":{"start":{"line":13,"column":19},"end":{"line":13,"column":77}},"8":{"start":{"line":14,"column":0},"end":{"line":16,"column":null}},"9":{"start":{"line":15,"column":2},"end":{"line":15,"column":24}},"10":{"start":{"line":17,"column":16},"end":{"line":17,"column":70}},"11":{"start":{"line":18,"column":1},"end":{"line":20,"column":null}},"12":{"start":{"line":19,"column":2},"end":{"line":19,"column":24}},"13":{"start":{"line":21,"column":1},"end":{"line":21,"column":18}},"14":{"start":{"line":26,"column":19},"end":{"line":26,"column":77}},"15":{"start":{"line":27,"column":0},"end":{"line":29,"column":null}},"16":{"start":{"line":28,"column":2},"end":{"line":28,"column":24}},"17":{"start":{"line":30,"column":16},"end":{"line":30,"column":92}},"18":{"start":{"line":31,"column":1},"end":{"line":31,"column":15}},"19":{"start":{"line":33,"column":22},"end":{"line":38,"column":null}},"20":{"start":{"line":40,"column":0},"end":{"line":40,"column":null}}},"fnMap":{"0":{"name":"getTicketsType","decl":{"start":{"line":4,"column":15},"end":{"line":4,"column":29}},"loc":{"start":{"line":4,"column":29},"end":{"line":9,"column":1}}},"1":{"name":"getTicketUser","decl":{"start":{"line":11,"column":15},"end":{"line":11,"column":28}},"loc":{"start":{"line":11,"column":44},"end":{"line":22,"column":1}}},"2":{"name":"createTicket","decl":{"start":{"line":25,"column":15},"end":{"line":25,"column":27}},"loc":{"start":{"line":25,"column":65},"end":{"line":32,"column":1}}}},"branchMap":{"0":{"loc":{"start":{"line":6,"column":1},"end":{"line":6,"column":36}},"type":"if","locations":[{"start":{"line":6,"column":1},"end":{"line":6,"column":36}}]},"1":{"loc":{"start":{"line":14,"column":0},"end":{"line":16,"column":null}},"type":"if","locations":[{"start":{"line":14,"column":0},"end":{"line":16,"column":null}}]},"2":{"loc":{"start":{"line":18,"column":1},"end":{"line":20,"column":null}},"type":"if","locations":[{"start":{"line":18,"column":1},"end":{"line":20,"column":null}}]},"3":{"loc":{"start":{"line":18,"column":4},"end":{"line":18,"column":34}},"type":"binary-expr","locations":[{"start":{"line":18,"column":4},"end":{"line":18,"column":11}},{"start":{"line":18,"column":15},"end":{"line":18,"column":34}}]},"4":{"loc":{"start":{"line":27,"column":0},"end":{"line":29,"column":null}},"type":"if","locations":[{"start":{"line":27,"column":0},"end":{"line":29,"column":null}}]}},"s":{"0":11,"1":11,"2":11,"3":2,"4":2,"5":0,"6":2,"7":3,"8":3,"9":1,"10":2,"11":2,"12":1,"13":1,"14":3,"15":3,"16":1,"17":2,"18":2,"19":11,"20":11},"f":{"0":2,"1":3,"2":3},"b":{"0":[0],"1":[1],"2":[1],"3":[2,2],"4":[1]}}
,"/home/driven/Desktop/Driven__t10/src/services/users-service/errors.ts": {"path":"/home/driven/Desktop/Driven__t10/src/services/users-service/errors.ts","statementMap":{"0":{"start":{"line":4,"column":2},"end":{"line":7,"column":4}},"1":{"start":{"line":3,"column":0},"end":{"line":3,"column":16}}},"fnMap":{"0":{"name":"duplicatedEmailError","decl":{"start":{"line":3,"column":16},"end":{"line":3,"column":36}},"loc":{"start":{"line":3,"column":36},"end":{"line":8,"column":1}}}},"branchMap":{},"s":{"0":4,"1":11},"f":{"0":4},"b":{}}
,"/home/driven/Desktop/Driven__t10/src/services/users-service/index.ts": {"path":"/home/driven/Desktop/Driven__t10/src/services/users-service/index.ts","statementMap":{"0":{"start":{"line":2,"column":0},"end":{"line":2,"column":28}},"1":{"start":{"line":3,"column":0},"end":{"line":3,"column":46}},"2":{"start":{"line":4,"column":0},"end":{"line":4,"column":48}},"3":{"start":{"line":5,"column":0},"end":{"line":5,"column":60}},"4":{"start":{"line":6,"column":0},"end":{"line":6,"column":60}},"5":{"start":{"line":9,"column":2},"end":{"line":9,"column":26}},"6":{"start":{"line":11,"column":2},"end":{"line":11,"column":41}},"7":{"start":{"line":13,"column":25},"end":{"line":13,"column":56}},"8":{"start":{"line":14,"column":2},"end":{"line":17,"column":5}},"9":{"start":{"line":8,"column":0},"end":{"line":8,"column":7}},"10":{"start":{"line":21,"column":28},"end":{"line":21,"column":67}},"11":{"start":{"line":22,"column":2},"end":{"line":24,"column":null}},"12":{"start":{"line":23,"column":4},"end":{"line":23,"column":33}},"13":{"start":{"line":28,"column":20},"end":{"line":28,"column":62}},"14":{"start":{"line":29,"column":2},"end":{"line":31,"column":null}},"15":{"start":{"line":30,"column":4},"end":{"line":30,"column":45}},"16":{"start":{"line":36,"column":20},"end":{"line":38,"column":2}},"17":{"start":{"line":40,"column":0},"end":{"line":40,"column":25}},"18":{"start":{"line":41,"column":0},"end":{"line":41,"column":27}}},"fnMap":{"0":{"name":"createUser","decl":{"start":{"line":8,"column":22},"end":{"line":8,"column":32}},"loc":{"start":{"line":8,"column":70},"end":{"line":18,"column":1}}},"1":{"name":"validateUniqueEmailOrFail","decl":{"start":{"line":20,"column":15},"end":{"line":20,"column":40}},"loc":{"start":{"line":20,"column":54},"end":{"line":25,"column":1}}},"2":{"name":"canEnrollOrFail","decl":{"start":{"line":27,"column":15},"end":{"line":27,"column":30}},"loc":{"start":{"line":27,"column":30},"end":{"line":32,"column":1}}}},"branchMap":{"0":{"loc":{"start":{"line":22,"column":2},"end":{"line":24,"column":null}},"type":"if","locations":[{"start":{"line":22,"column":2},"end":{"line":24,"column":null}}]},"1":{"loc":{"start":{"line":29,"column":2},"end":{"line":31,"column":null}},"type":"if","locations":[{"start":{"line":29,"column":2},"end":{"line":31,"column":null}}]}},"s":{"0":11,"1":11,"2":11,"3":11,"4":11,"5":9,"6":7,"7":5,"8":5,"9":11,"10":7,"11":7,"12":2,"13":9,"14":9,"15":2,"16":11,"17":11,"18":11},"f":{"0":9,"1":7,"2":9},"b":{"0":[2],"1":[2]}}
,"/home/driven/Desktop/Driven__t10/src/utils/prisma-utils.ts": {"path":"/home/driven/Desktop/Driven__t10/src/utils/prisma-utils.ts","statementMap":{"0":{"start":{"line":2,"column":20},"end":{"line":2,"column":54}},"1":{"start":{"line":3,"column":2},"end":{"line":5,"column":null}},"2":{"start":{"line":4,"column":4},"end":{"line":4,"column":26}},"3":{"start":{"line":6,"column":2},"end":{"line":6,"column":19}},"4":{"start":{"line":1,"column":0},"end":{"line":1,"column":16}}},"fnMap":{"0":{"name":"exclude","decl":{"start":{"line":1,"column":16},"end":{"line":1,"column":23}},"loc":{"start":{"line":1,"column":73},"end":{"line":7,"column":1}}}},"branchMap":{},"s":{"0":12,"1":12,"2":18,"3":12,"4":11},"f":{"0":12},"b":{}}
,"/home/driven/Desktop/Driven__t10/src/utils/request.ts": {"path":"/home/driven/Desktop/Driven__t10/src/utils/request.ts","statementMap":{"0":{"start":{"line":1,"column":0},"end":{"line":1,"column":26}},"1":{"start":{"line":2,"column":0},"end":{"line":2,"column":40}},"2":{"start":{"line":5,"column":2},"end":{"line":12,"column":null}},"3":{"start":{"line":6,"column":19},"end":{"line":6,"column":39}},"4":{"start":{"line":7,"column":4},"end":{"line":7,"column":18}},"5":{"start":{"line":9,"column":35},"end":{"line":9,"column":49}},"6":{"start":{"line":11,"column":4},"end":{"line":11,"column":44}},"7":{"start":{"line":15,"column":13},"end":{"line":17,"column":2}}},"fnMap":{"0":{"name":"get","decl":{"start":{"line":4,"column":15},"end":{"line":4,"column":18}},"loc":{"start":{"line":4,"column":30},"end":{"line":13,"column":1}}}},"branchMap":{},"s":{"0":11,"1":11,"2":4,"3":4,"4":3,"5":1,"6":1,"7":11},"f":{"0":4},"b":{}}
}
